[2020-04-17T11:19:50.473] [INFO] cli 4.2.26 - Successfully authenticated user david.klages@acoustic.co for API URL https://my8.content-cms.com/api/7e9fa8ae-a6ba-4f4a-8518-ea37fb16413e.
[2020-04-17T11:19:50.479] [INFO] cli 4.2.26 - ========== Pulling libraries ===========
[2020-04-17T11:19:50.629] [INFO] cli 4.2.26 - Pulled library with name Configurable Fixed Site Components and id 7ac45c8b-9913-4e69-8faa-92abe178eb96
[2020-04-17T11:19:50.632] [INFO] cli 4.2.26 - Pulled library with name Icons and Clip Art and id a4226673-f1b0-4cd1-80d9-7d51607d7276
[2020-04-17T11:19:50.636] [INFO] cli 4.2.26 - Pulled library with name Social Media Configuration and id 51797f7c-589c-431e-9437-a4d3fd1ea560
[2020-04-17T11:19:50.637] [INFO] cli 4.2.26 - ========== Pulling image profiles ===========
[2020-04-17T11:19:50.788] [INFO] cli 4.2.26 - Pulled image profile with name Update Article Profile and id 9d0c6bfd-ad20-430e-a3d5-333803e20825
[2020-04-17T11:19:50.791] [INFO] cli 4.2.26 - Pulled image profile with name Banner Image and id 9fe54c2f-3ed4-476e-9aa9-6f2e83bc4422
[2020-04-17T11:19:50.794] [INFO] cli 4.2.26 - Pulled image profile with name List View Profile and id 90ab7548-6760-4fd7-8c5f-53ae6c46f2f8
[2020-04-17T11:19:50.795] [INFO] cli 4.2.26 - ========== Pulling categories ===========
[2020-04-17T11:19:51.058] [INFO] cli 4.2.26 - Pulled category with name Lato and id 4fb0260f-619b-4ef6-9411-4dd0ca0dd3e3
[2020-04-17T11:19:51.065] [INFO] cli 4.2.26 - Pulled category with name Montserrat and id 58d60016-83eb-4f07-8286-ad3e880f24a9
[2020-04-17T11:19:51.074] [INFO] cli 4.2.26 - Pulled category with name Merriweather and id f0298c62-b331-482c-bc63-22e0e97ac85e
[2020-04-17T11:19:51.081] [INFO] cli 4.2.26 - Pulled category with name Open Sans and id 7c6a52fc-1d17-4e67-b626-43cf6687838a
[2020-04-17T11:19:51.088] [INFO] cli 4.2.26 - Pulled category with name Google Fonts and id 8e8ecad2-11e2-42c5-87da-d0642381af3a
[2020-04-17T11:19:51.094] [INFO] cli 4.2.26 - Pulled category with name Yelp and id 4a256e05-a405-4336-8774-336cca42f69a
[2020-04-17T11:19:51.099] [INFO] cli 4.2.26 - Pulled category with name YouTube and id df217feb-f4cf-41a5-90d4-f54195d2ffc6
[2020-04-17T11:19:51.103] [INFO] cli 4.2.26 - Pulled category with name Twitter and id c69878e1-c27c-475c-8c4c-81ab2451a074
[2020-04-17T11:19:51.108] [INFO] cli 4.2.26 - Pulled category with name Tumblr and id 14c964d1-e469-4304-a532-8eb1b6ea9d68
[2020-04-17T11:19:51.125] [INFO] cli 4.2.26 - Pulled category with name Snapchat and id f9a3604d-a1e0-48b5-84cc-5a9faeded218
[2020-04-17T11:19:51.129] [INFO] cli 4.2.26 - Pulled category with name Pinterest and id 225e88e9-aff3-41bc-8ed1-4f8ae5485872
[2020-04-17T11:19:51.132] [INFO] cli 4.2.26 - Pulled category with name Medium and id a449adac-7a87-4a8c-a762-26edf8759ac5
[2020-04-17T11:19:51.135] [INFO] cli 4.2.26 - Pulled category with name Instagram and id f043ae42-6ee3-4ae2-9ee7-5817444b8cf5
[2020-04-17T11:19:51.139] [INFO] cli 4.2.26 - Pulled category with name LinkedIn and id 09f2d993-4934-451c-963d-4b36cbb971ad
[2020-04-17T11:19:51.149] [INFO] cli 4.2.26 - Pulled category with name Facebook and id 1314a17a-873a-4c23-9b1c-905301358365
[2020-04-17T11:19:51.153] [INFO] cli 4.2.26 - Pulled category with name Social Media and id c8158dbf-1ebd-4b94-8901-3d146696924a
[2020-04-17T11:19:51.160] [INFO] cli 4.2.26 - Pulled category with name Social Media and id 736a84d8-da54-44ae-8f74-fa60728c0e3e
[2020-04-17T11:19:51.165] [INFO] cli 4.2.26 - Pulled category with name Products and id d986c2f3-20dc-4687-bc32-be246bbea885
[2020-04-17T11:19:51.169] [INFO] cli 4.2.26 - Pulled category with name Services and id 19f57336-3e2d-4948-9200-5d91aed618f0
[2020-04-17T11:19:51.173] [INFO] cli 4.2.26 - Pulled category with name Repairs and id 243babef-8ff4-49e5-a622-5f60761f7b31
[2020-04-17T11:19:51.176] [INFO] cli 4.2.26 - Pulled category with name Events and id cce002fa-de6c-4ef3-a4f0-ce604a499771
[2020-04-17T11:19:51.179] [INFO] cli 4.2.26 - Pulled category with name Scheduling and id e8d82cca-c4e6-4b52-aa0c-1c1300ff4bf4
[2020-04-17T11:19:51.182] [INFO] cli 4.2.26 - Pulled category with name Technology and id 7153acc7-d5d5-4c36-8e93-1a5d704b170e
[2020-04-17T11:19:51.186] [INFO] cli 4.2.26 - Pulled category with name Customer Service and id 431db788-41ac-4c21-91cf-392cab835dfb
[2020-04-17T11:19:51.190] [INFO] cli 4.2.26 - Pulled category with name Orders and id fc6e3f2c-49af-4432-8ee0-a43dcafe7b02
[2020-04-17T11:19:51.198] [INFO] cli 4.2.26 - Pulled category with name Content Categories and id afd4e172-0bb1-40eb-a687-8a625f9dcc9c
[2020-04-17T11:19:51.200] [INFO] cli 4.2.26 - Pulled category with name General and id 0e0eecee-724e-4544-b3c6-de7bd356889d
[2020-04-17T11:19:51.204] [INFO] cli 4.2.26 - Pulled category with name Returns and id d0fa70db-91d2-4dff-b35f-273b853dd97c
[2020-04-17T11:19:51.207] [INFO] cli 4.2.26 - Pulled category with name Cancellations and id 3363d548-259f-4cd2-81d8-53c5828cea15
[2020-04-17T11:19:51.210] [INFO] cli 4.2.26 - Pulled category with name Safeguards and id dbc5f62e-763c-4787-9975-128054ee5761
[2020-04-17T11:19:51.213] [INFO] cli 4.2.26 - Pulled category with name Appointments and id 208fb064-20f3-4cb7-8b4b-435609fa482c
[2020-04-17T11:19:51.218] [INFO] cli 4.2.26 - Pulled category with name Service Hours and id 2f650b9a-5e08-474a-861a-a4c7e0e8b71d
[2020-04-17T11:19:51.222] [INFO] cli 4.2.26 - Pulled category with name Billing and id 8820dfba-01a4-4676-86ea-aa895528b1f3
[2020-04-17T11:19:51.225] [INFO] cli 4.2.26 - Pulled category with name Open Sans and id 6a556995-ab82-432f-b2bc-6d007d37dfd8
[2020-04-17T11:19:51.228] [INFO] cli 4.2.26 - Pulled category with name Times New Roman, Times, serif and id e2b06998-acd0-4f24-b3df-cf9f540ccfcc
[2020-04-17T11:19:51.231] [INFO] cli 4.2.26 - Pulled category with name Palatino Linotype, Book Antiqua, Palatino, serif and id 93cfa99b-e6f6-4560-ad1c-6244baa32f6e
[2020-04-17T11:19:51.234] [INFO] cli 4.2.26 - Pulled category with name Georgia, serif and id 253f5fa5-dfd3-4826-9dcf-06d4eb069d28
[2020-04-17T11:19:51.238] [INFO] cli 4.2.26 - Pulled category with name Verdana, Geneva, sans-serif and id 26d873c5-ec84-42eb-a1da-dc99af3091c9
[2020-04-17T11:19:51.242] [INFO] cli 4.2.26 - Pulled category with name Trebuchet MS, Helvetica, sans-serif and id 76c850fa-3d8e-4f76-b913-3ae3c844001d
[2020-04-17T11:19:51.246] [INFO] cli 4.2.26 - Pulled category with name Tahoma, Geneva, sans-serif and id 06f801a5-5bd1-4485-a3c9-02f5c23e81d4
[2020-04-17T11:19:51.254] [INFO] cli 4.2.26 - Pulled category with name Lucida Sans Unicode, Lucida Grande, sans-serif and id 03594394-1366-4091-b0ab-18552d899221
[2020-04-17T11:19:51.257] [INFO] cli 4.2.26 - Pulled category with name Impact, Charcoal, sans-serif and id 64440eaa-5376-4579-98c6-1f3d6ea553c5
[2020-04-17T11:19:51.260] [INFO] cli 4.2.26 - Pulled category with name Comic Sans MS, cursive, sans-serif and id c1735941-fc66-4a59-b940-d328bb9644e0
[2020-04-17T11:19:51.265] [INFO] cli 4.2.26 - Pulled category with name Arial, Helvetica, sans-serif and id c2656a73-ca4f-4382-b23f-93e8c39e2b62
[2020-04-17T11:19:51.267] [INFO] cli 4.2.26 - Pulled category with name Arial Black, Gadget, sans-serif and id 31e7aef7-7372-43bb-8918-c7140d738b46
[2020-04-17T11:19:51.270] [INFO] cli 4.2.26 - Pulled category with name Lucida Console, Monaco, monospace and id f543dbe9-8451-42cd-b80e-5b3145aafab1
[2020-04-17T11:19:51.274] [INFO] cli 4.2.26 - Pulled category with name Courier New, Courier, monospace and id 64b8d949-b6c1-4e81-baf6-721cf6c07b53
[2020-04-17T11:19:51.277] [INFO] cli 4.2.26 - Pulled category with name Monospace and id 3797cd26-a84b-40bf-8d1d-ae8c9fc43696
[2020-04-17T11:19:51.280] [INFO] cli 4.2.26 - Pulled category with name Sans-Serif and id 04734168-ee3d-4942-8269-9578b554ed75
[2020-04-17T11:19:51.282] [INFO] cli 4.2.26 - Pulled category with name Serif and id 59064278-e07d-4990-b16c-c43452409e86
[2020-04-17T11:19:51.284] [INFO] cli 4.2.26 - Pulled category with name Fonts and id 38f8dea6-5055-4e3f-9093-3306c6831bde
[2020-04-17T11:19:51.287] [INFO] cli 4.2.26 - ========== Pulling assets ===========
[2020-04-17T11:19:52.601] [INFO] cli 4.2.26 - Pulled asset with path /coronavirus-response/static/js/2.993429c5.chunk.js.LICENSE and id dde4dd2f-46fe-4691-b9e5-b46a3cd6cdc0
[2020-04-17T11:19:52.641] [INFO] cli 4.2.26 - Pulled asset with path /coronavirus-response/static/js/main.908cc28c.chunk.js and id bfd8dacf-5518-4606-b190-06a7dc3b9884
[2020-04-17T11:19:52.751] [INFO] cli 4.2.26 - Pulled asset with path /coronavirus-response/static/js/2.993429c5.chunk.js and id 813255c5-d6c2-4bb9-8d56-7a41cc1a33e8
[2020-04-17T11:19:52.777] [INFO] cli 4.2.26 - Pulled asset with path /coronavirus-response/static/js/main.908cc28c.chunk.js.map and id 2e9c34cc-9e52-4627-b0e6-22f74908a620
[2020-04-17T11:19:52.858] [INFO] cli 4.2.26 - Pulled asset with path /coronavirus-response/precache-manifest.cbbac6ccc1df354dee85c1649ae49787.js and id 06dbfeea-0c1b-4964-81b7-4a31acea5d68
[2020-04-17T11:19:52.921] [INFO] cli 4.2.26 - Pulled asset with path /coronavirus-response/asset-manifest.json and id 82431d6f-1d0c-4ae2-8c94-b1a490e4e4f7
[2020-04-17T11:19:52.969] [INFO] cli 4.2.26 - Pulled asset with path /coronavirus-response/index.html and id 663b3c75-917b-4fd4-bc50-48651ea0a2c3
[2020-04-17T11:19:53.009] [INFO] cli 4.2.26 - Pulled asset with path /coronavirus-response/service-worker.js and id 9fb37091-3654-451b-9b08-1338e6d41fb3
[2020-04-17T11:19:53.131] [INFO] cli 4.2.26 - Pulled asset with path /coronavirus-response/static/js/2.993429c5.chunk.js.map and id 4723fcb1-8552-451f-b942-10c3c7fa52bb
[2020-04-17T11:19:53.152] [INFO] cli 4.2.26 - Pulled asset with path /dxdam/4e/4e242cab-af35-4296-8549-4948ba4d673d/IconsOrangeSet_Connection_Connection.png and id 4e242cab-af35-4296-8549-4948ba4d673d
[2020-04-17T11:19:53.175] [INFO] cli 4.2.26 - Pulled asset with path /dxdam/b2/b2e7b132-c74f-4964-86de-5b6d7dd2ee8a/IconsOrangeSet_Connection_Shelter.png and id b2e7b132-c74f-4964-86de-5b6d7dd2ee8a
[2020-04-17T11:19:53.203] [INFO] cli 4.2.26 - Pulled asset with path /dxdam/65/65a02661-665f-4fa9-bc61-6e40f12afe7a/IconsBlueSet_Give.png and id 65a02661-665f-4fa9-bc61-6e40f12afe7a
[2020-04-17T11:19:53.246] [INFO] cli 4.2.26 - Pulled asset with path /dxdam/81/8127f7cd-a367-4aae-81d0-c58528181ddb/IconsRedSet_Shelter.png and id 8127f7cd-a367-4aae-81d0-c58528181ddb
[2020-04-17T11:19:53.406] [INFO] cli 4.2.26 - Pulled asset with path /dxdam/ce/ce77f2af-f264-47c8-b684-4dc545338beb/IconsPurpleSet_Give.png and id ce77f2af-f264-47c8-b684-4dc545338beb
[2020-04-17T11:19:53.423] [INFO] cli 4.2.26 - Pulled asset with path /dxdam/f7/f7864b63-bc2c-4716-96e3-ab0b4c40b45c/IconsPurpleSet_Location.png and id f7864b63-bc2c-4716-96e3-ab0b4c40b45c
[2020-04-17T11:19:53.435] [INFO] cli 4.2.26 - Pulled asset with path /dxdam/25/25623e13-3af2-452c-95df-5df6eb35996b/IconsGreenSet_Schedule.png and id 25623e13-3af2-452c-95df-5df6eb35996b
[2020-04-17T11:19:53.493] [INFO] cli 4.2.26 - Pulled asset with path /dxdam/40/404c81e8-666a-4f99-95ff-07a0a861bcfa/IconsGreenSet_Location1.png and id 404c81e8-666a-4f99-95ff-07a0a861bcfa
[2020-04-17T11:19:53.527] [INFO] cli 4.2.26 - Pulled asset with path /dxdam/cf/cf3ddf49-df95-4dfa-bd12-45fe9da1b81e/IconsPurpleSet_Health.png and id cf3ddf49-df95-4dfa-bd12-45fe9da1b81e
[2020-04-17T11:19:53.665] [INFO] cli 4.2.26 - Pulled asset with path /dxdam/95/959ada14-4582-405f-8e5a-7e83615660ed/IconsGreenSet_Shelter.png and id 959ada14-4582-405f-8e5a-7e83615660ed
[2020-04-17T11:19:53.673] [INFO] cli 4.2.26 - Pulled asset with path /dxdam/bf/bfb672b2-610d-4999-a448-e663d87b6d36/IconsPurpleSet_Shelter.png and id bfb672b2-610d-4999-a448-e663d87b6d36
[2020-04-17T11:19:53.676] [INFO] cli 4.2.26 - Pulled asset with path /dxdam/73/7347cd6e-d175-46f3-8eb5-f114487515e4/IconsPurpleSet_Research.png and id 7347cd6e-d175-46f3-8eb5-f114487515e4
[2020-04-17T11:19:53.807] [INFO] cli 4.2.26 - Pulled asset with path /dxdam/2a/2ae0b19a-c10d-4802-ad93-85742fbdacdf/IconsYellowSet_Schedule.png and id 2ae0b19a-c10d-4802-ad93-85742fbdacdf
[2020-04-17T11:19:53.836] [INFO] cli 4.2.26 - Pulled asset with path /dxdam/a1/a17c072a-cd2d-4f23-8b47-7e2d35ac164f/IconsPurpleSet_Schedule.png and id a17c072a-cd2d-4f23-8b47-7e2d35ac164f
[2020-04-17T11:19:53.933] [INFO] cli 4.2.26 - Pulled asset with path /dxdam/48/480d59a8-5119-4d50-8923-386b47d6a523/IconsOrangeSet_Connection_Health.png and id 480d59a8-5119-4d50-8923-386b47d6a523
[2020-04-17T11:19:53.952] [INFO] cli 4.2.26 - Pulled asset with path /dxdam/60/60601244-205e-4561-a3fe-3d4634f6b43c/IconsYellowSet_Safety.png and id 60601244-205e-4561-a3fe-3d4634f6b43c
[2020-04-17T11:19:53.962] [INFO] cli 4.2.26 - Pulled asset with path /dxdam/ef/efc02253-93e1-4317-9954-ae4267a86a10/IconsGreenSet_Share.png and id efc02253-93e1-4317-9954-ae4267a86a10
[2020-04-17T11:19:54.067] [INFO] cli 4.2.26 - Pulled asset with path /dxdam/73/73972e99-e129-4c8f-831b-e5c2b38d18b3/IconsYellowSet_Shelter.png and id 73972e99-e129-4c8f-831b-e5c2b38d18b3
[2020-04-17T11:19:54.153] [INFO] cli 4.2.26 - Pulled asset with path /dxdam/fb/fb1db8d2-bc23-4d13-bc2a-892e5610d1ca/IconsOrangeSet_Connection_Share.png and id fb1db8d2-bc23-4d13-bc2a-892e5610d1ca
[2020-04-17T11:19:54.193] [INFO] cli 4.2.26 - Pulled asset with path /dxdam/7b/7b42e64a-4df7-4deb-b3bd-e36a06c4ddcf/IconsPurpleSet_Connection.png and id 7b42e64a-4df7-4deb-b3bd-e36a06c4ddcf
[2020-04-17T11:19:54.203] [INFO] cli 4.2.26 - Pulled asset with path /dxdam/f6/f6a454d3-c3cc-43a4-8fb4-8ec192788a95/IconsGreenSet_Safety.png and id f6a454d3-c3cc-43a4-8fb4-8ec192788a95
[2020-04-17T11:19:54.222] [INFO] cli 4.2.26 - Pulled asset with path /dxdam/b4/b42499a4-21a8-43b3-b8c5-510900417c4d/IconsYellowSet_Give.png and id b42499a4-21a8-43b3-b8c5-510900417c4d
[2020-04-17T11:19:54.407] [INFO] cli 4.2.26 - Pulled asset with path /dxdam/93/93ff7622-d55b-4777-b5ac-90855e716d80/IconsGreenSet_Research.png and id 93ff7622-d55b-4777-b5ac-90855e716d80
[2020-04-17T11:19:54.434] [INFO] cli 4.2.26 - Pulled asset with path /dxdam/6a/6a724565-18a4-4e5c-b692-ee5820b028af/IconsBlueSet_Health.png and id 6a724565-18a4-4e5c-b692-ee5820b028af
[2020-04-17T11:19:54.472] [INFO] cli 4.2.26 - Pulled asset with path /dxdam/92/9292bc50-e70a-4fa7-9d9e-b5d2f60b6603/IconsRedSet_Connection.png and id 9292bc50-e70a-4fa7-9d9e-b5d2f60b6603
[2020-04-17T11:19:54.536] [INFO] cli 4.2.26 - Pulled asset with path /dxdam/10/10b0144c-8df1-4266-90b7-40f451cef3ff/IconsOrangeSet_Connection_Give.png and id 10b0144c-8df1-4266-90b7-40f451cef3ff
[2020-04-17T11:19:54.539] [INFO] cli 4.2.26 - Pulled asset with path /dxdam/ed/ed912f1d-1e61-4017-96f3-dc6083d637a3/IconsGreenSet_Connection.png and id ed912f1d-1e61-4017-96f3-dc6083d637a3
[2020-04-17T11:19:54.616] [INFO] cli 4.2.26 - Pulled asset with path /dxdam/b7/b788207c-109e-4444-9e0c-c1e7b9d5bdad/IconsGreenSet_Give.png and id b788207c-109e-4444-9e0c-c1e7b9d5bdad
[2020-04-17T11:19:54.648] [INFO] cli 4.2.26 - Pulled asset with path /dxdam/98/98625e43-7510-430b-bc26-296f4262e080/IconsRedSet_Schdule.png and id 98625e43-7510-430b-bc26-296f4262e080
[2020-04-17T11:19:54.705] [INFO] cli 4.2.26 - Pulled asset with path /dxdam/e4/e4f0c850-bb04-49a9-9c99-07582c96ee9b/IconsGreenSet_News.png and id e4f0c850-bb04-49a9-9c99-07582c96ee9b
[2020-04-17T11:19:54.796] [INFO] cli 4.2.26 - Pulled asset with path /dxdam/fa/faf0f230-73e2-4af5-bf39-008e30e569bb/IconsOrangeSet_Connection_Schedule.png and id faf0f230-73e2-4af5-bf39-008e30e569bb
[2020-04-17T11:19:54.809] [INFO] cli 4.2.26 - Pulled asset with path /dxdam/1c/1c55e70a-a5a6-4335-8976-2d39986127f2/IconsYellowSet_Connection.png and id 1c55e70a-a5a6-4335-8976-2d39986127f2
[2020-04-17T11:19:54.871] [INFO] cli 4.2.26 - Pulled asset with path /dxdam/32/32fc6214-8b27-454d-aa6c-0c9ec86021b0/IconsRedSet_Give.png and id 32fc6214-8b27-454d-aa6c-0c9ec86021b0
[2020-04-17T11:19:54.911] [INFO] cli 4.2.26 - Pulled asset with path /dxdam/da/da1d50b7-595c-405a-9a10-8d64eca8d875/IconsYellowSet_Research.png and id da1d50b7-595c-405a-9a10-8d64eca8d875
[2020-04-17T11:19:54.924] [INFO] cli 4.2.26 - Pulled asset with path /dxdam/78/78299a4b-3978-41a4-a537-9339fc1ab9e9/IconsGreenSet_Health.png and id 78299a4b-3978-41a4-a537-9339fc1ab9e9
[2020-04-17T11:19:55.026] [INFO] cli 4.2.26 - Pulled asset with path /dxdam/01/01f8eefc-4ee7-4e80-850f-7e5bfceeae9e/IconsYellowSet_Location.png and id 01f8eefc-4ee7-4e80-850f-7e5bfceeae9e
[2020-04-17T11:19:55.061] [INFO] cli 4.2.26 - Pulled asset with path /dxdam/8f/8f4f715f-3df3-4a55-a12a-da3721edff28/IconsRedSet_Safety.png and id 8f4f715f-3df3-4a55-a12a-da3721edff28
[2020-04-17T11:19:55.086] [INFO] cli 4.2.26 - Pulled asset with path /dxdam/bc/bc635bc6-64bb-4014-a70f-fafe43ec81a8/IconsYellowSet_Share.png and id bc635bc6-64bb-4014-a70f-fafe43ec81a8
[2020-04-17T11:19:55.145] [INFO] cli 4.2.26 - Pulled asset with path /dxdam/6e/6e1372c9-14f2-46cf-acc8-a5d7218f7261/IconsOrangeSet_Connection_News.png and id 6e1372c9-14f2-46cf-acc8-a5d7218f7261
[2020-04-17T11:19:55.242] [INFO] cli 4.2.26 - Pulled asset with path /dxdam/5c/5c1b6188-d612-4401-ac45-0a5a0c342bf6/IconsPurpleSet_Share.png and id 5c1b6188-d612-4401-ac45-0a5a0c342bf6
[2020-04-17T11:19:55.252] [INFO] cli 4.2.26 - Pulled asset with path /dxdam/fd/fde52fdf-0b07-46be-aee7-fd472cfe905f/IconsOrangeSet_Connection_Safety.png and id fde52fdf-0b07-46be-aee7-fd472cfe905f
[2020-04-17T11:19:55.342] [INFO] cli 4.2.26 - Pulled asset with path /dxdam/fe/febd5f44-5342-4e1e-80a2-0b678afc507d/IconsBlueSet_Shelter.png and id febd5f44-5342-4e1e-80a2-0b678afc507d
[2020-04-17T11:19:55.459] [INFO] cli 4.2.26 - Pulled asset with path /coronavirus-response/precache-manifest.cc906661dbe3b83b94697d45094c5d15.js and id ec1e89af-39c4-4bb4-a6d1-3c08e2f6f9ef
[2020-04-17T11:19:55.478] [INFO] cli 4.2.26 - Pulled asset with path /dxdam/58/58b3f2d5-20e8-4fa1-8ce9-1cf2051fbb37/IconsBlueSet_Safety.png and id 58b3f2d5-20e8-4fa1-8ce9-1cf2051fbb37
[2020-04-17T11:19:55.517] [INFO] cli 4.2.26 - Pulled asset with path /coronavirus-response/static/css/main.3635de04.chunk.css.map and id 1ee3563b-35e8-4c1d-8368-3cb7473f784a
[2020-04-17T11:19:55.576] [INFO] cli 4.2.26 - Pulled asset with path /coronavirus-response/static/css/main.3635de04.chunk.css and id c84d115b-95d7-49ee-a5b8-672b75adfda1
[2020-04-17T11:19:55.584] [INFO] cli 4.2.26 - Pulled asset with path /dxdam/dc/dc0a0720-072f-418f-af71-0598f39a8e8e/IconsBlueSet_Location.png and id dc0a0720-072f-418f-af71-0598f39a8e8e
[2020-04-17T11:19:55.689] [INFO] cli 4.2.26 - Pulled asset with path /dxdam/86/869a1bf1-5488-4302-bd4b-9a6c7114c5d8/IconsBlueSet_Schedule.png and id 869a1bf1-5488-4302-bd4b-9a6c7114c5d8
[2020-04-17T11:19:55.719] [INFO] cli 4.2.26 - Pulled asset with path /dxdam/1a/1aa7bef0-40ba-433d-93de-6d3dd5697fcc/IconsBlueSet_Connection.png and id 1aa7bef0-40ba-433d-93de-6d3dd5697fcc
[2020-04-17T11:19:55.730] [INFO] cli 4.2.26 - Pulled asset with path /dxdam/88/88274454-816d-44fc-ac50-81e641f6b442/IconsBlueSet_News.png and id 88274454-816d-44fc-ac50-81e641f6b442
[2020-04-17T11:19:55.822] [INFO] cli 4.2.26 - Pulled asset with path /dxdam/d1/d13a95f8-17b9-44f6-bcbc-ae09b064a362/IconsBlueSet_Share.png and id d13a95f8-17b9-44f6-bcbc-ae09b064a362
[2020-04-17T11:19:55.856] [INFO] cli 4.2.26 - Pulled asset with path /coronavirus-response/static/js/main.3ab66d8d.chunk.js.map and id 7509a5d8-7c4b-4131-8b53-28655f3d1d13
[2020-04-17T11:19:55.912] [INFO] cli 4.2.26 - Pulled asset with path /coronavirus-response/static/js/main.3ab66d8d.chunk.js and id fabc5e82-59ba-44ab-88aa-2a17be303a95
[2020-04-17T11:19:55.969] [INFO] cli 4.2.26 - Pulled asset with path /coronavirus-response/static/css/main.2e0b2170.chunk.css.map and id 96251059-29a5-47e5-93e4-6ebbd043aead
[2020-04-17T11:19:56.039] [INFO] cli 4.2.26 - Pulled asset with path /coronavirus-response/static/css/main.2e0b2170.chunk.css and id 6da3d802-01df-474e-92a2-eb51d3724085
[2020-04-17T11:19:56.045] [INFO] cli 4.2.26 - Pulled asset with path /coronavirus-response/precache-manifest.9b0f45a06ababa5e5a1d00b679daaf5f.js and id aca86af7-9da9-488f-a329-17b0e6cfbe65
[2020-04-17T11:19:56.093] [INFO] cli 4.2.26 - Pulled asset with path /coronavirus-response/static/js/main.595ab4a8.chunk.js and id 034b8fde-e5aa-4dc0-b446-20eed850725f
[2020-04-17T11:19:56.147] [INFO] cli 4.2.26 - Pulled asset with path /coronavirus-response/static/css/main.6708bcff.chunk.css.map and id 4427a84a-050d-4e9d-9e5a-5b99524fafa7
[2020-04-17T11:19:56.233] [INFO] cli 4.2.26 - Pulled asset with path /coronavirus-response/static/css/main.6708bcff.chunk.css and id 9b6dd488-1c64-4865-b226-02b6860604f1
[2020-04-17T11:19:56.291] [INFO] cli 4.2.26 - Pulled asset with path /dxdam/04/044b46a7-b466-4e63-822f-0712939d7378/InstrumentalBank_Logo_34px.svg and id 044b46a7-b466-4e63-822f-0712939d7378
[2020-04-17T11:19:56.314] [INFO] cli 4.2.26 - Pulled asset with path /coronavirus-response/precache-manifest.94040d97de1e9db46010f8e0bf79d921.js and id b84097eb-e188-46dd-bfbe-2969b3e2ad1a
[2020-04-17T11:19:56.381] [INFO] cli 4.2.26 - Pulled asset with path /coronavirus-response/static/js/main.595ab4a8.chunk.js.map and id 4f716123-f626-466c-96f0-c74f0b7c4bf7
[2020-04-17T11:19:56.497] [INFO] cli 4.2.26 - Pulled asset with path /coronavirus-response/static/css/main.7f65ccb9.chunk.css.map and id 612b2b82-8ae9-45a0-b177-d169fdf88669
[2020-04-17T11:19:56.650] [INFO] cli 4.2.26 - Pulled asset with path /coronavirus-response/static/js/2.a505fd34.chunk.js and id 2ab30c4c-63ba-4162-8a2c-8810780943ec
[2020-04-17T11:19:56.692] [INFO] cli 4.2.26 - Pulled asset with path /coronavirus-response/static/js/main.a7d65f9a.chunk.js.map and id 8ad18110-fdfd-4a37-ac52-c2c589929eeb
[2020-04-17T11:19:56.709] [INFO] cli 4.2.26 - Pulled asset with path /coronavirus-response/static/css/main.7f65ccb9.chunk.css and id adf92b13-c6f4-4090-a8c0-5e50f5e12200
[2020-04-17T11:19:56.723] [INFO] cli 4.2.26 - Pulled asset with path /coronavirus-response/static/js/main.a7d65f9a.chunk.js and id 8a1a37f8-5702-4677-9496-e0fe1cc1c1c7
[2020-04-17T11:19:56.768] [INFO] cli 4.2.26 - Pulled asset with path /coronavirus-response/precache-manifest.38d9fc2c1ed72527844e25ba6886f414.js and id 1144294e-ee51-4bd8-9c17-0b986e60647d
[2020-04-17T11:19:56.935] [INFO] cli 4.2.26 - Pulled asset with path /coronavirus-response/static/js/2.a505fd34.chunk.js.LICENSE and id a426f2ff-84a6-4448-b872-4e402c3ccdbd
[2020-04-17T11:19:56.978] [INFO] cli 4.2.26 - Pulled asset with path /coronavirus-response/precache-manifest.acf96b047aa2c554ea15c2c5d8b99f10.js and id 5b28dfa8-00e9-4c9b-86c0-3a86f10fe7ae
[2020-04-17T11:19:57.009] [INFO] cli 4.2.26 - Pulled asset with path /coronavirus-response/static/js/main.1f2a9a3d.chunk.js and id cb389ff2-ba07-423a-8c33-ba3657008d84
[2020-04-17T11:19:57.052] [INFO] cli 4.2.26 - Pulled asset with path /coronavirus-response/static/js/main.1f2a9a3d.chunk.js.map and id 3055c55d-fb60-4fb1-9423-cffb5eaae03f
[2020-04-17T11:19:57.183] [INFO] cli 4.2.26 - Pulled asset with path /coronavirus-response/precache-manifest.57fe4e8b162ca9e4f045c1dbe92b8a0c.js and id 7d70353f-727f-47b8-96dc-e0e1110f4a58
[2020-04-17T11:19:57.232] [INFO] cli 4.2.26 - Pulled asset with path /coronavirus-response/static/css/main.5c10ddf0.chunk.css and id 23fbc602-c7a2-4b42-aa03-d89c25c5064d
[2020-04-17T11:19:57.289] [INFO] cli 4.2.26 - Pulled asset with path /coronavirus-response/static/js/2.a505fd34.chunk.js.map and id 52bb88b7-309c-4669-8cb4-d1e17447df63
[2020-04-17T11:19:57.319] [INFO] cli 4.2.26 - Pulled asset with path /coronavirus-response/precache-manifest.ddced609ee8b78f0a7a14e92067a5fbd.js and id 4e52ff38-bb16-4e63-b2e2-3532d2bf149d
[2020-04-17T11:19:57.342] [INFO] cli 4.2.26 - Pulled asset with path /coronavirus-response/static/css/main.5c10ddf0.chunk.css.map and id d62fa43c-1dba-4613-ac21-b630c56d6c9e
[2020-04-17T11:19:57.478] [INFO] cli 4.2.26 - Pulled asset with path /coronavirus-response/static/js/main.5d6ab4ea.chunk.js.map and id a994a35e-9e73-48cc-b114-86e661a8c972
[2020-04-17T11:19:57.523] [INFO] cli 4.2.26 - Pulled asset with path /coronavirus-response/static/js/main.5d6ab4ea.chunk.js and id 2de9d00d-0a63-4d71-bc11-dc0c0c5443b7
[2020-04-17T11:19:57.582] [INFO] cli 4.2.26 - Pulled asset with path /coronavirus-response/precache-manifest.56da85cf3abe881aa9fd47979af609af.js and id 96ad18d0-8470-45db-84f0-b78daa6b7604
[2020-04-17T11:19:57.602] [INFO] cli 4.2.26 - Pulled asset with path /coronavirus-response/static/js/main.e9312949.chunk.js and id eeaa5ee6-db3a-4391-86a2-29bcc1937734
[2020-04-17T11:19:57.655] [INFO] cli 4.2.26 - Pulled asset with path /coronavirus-response/static/js/main.e9312949.chunk.js.map and id c2001c5c-1554-4b9f-9746-2639a82edbf6
[2020-04-17T11:19:57.722] [INFO] cli 4.2.26 - Pulled asset with path /coronavirus-response/precache-manifest.a8a5364db433d6687d67e73c1b6736b7.js and id 593c18c3-61a9-4bf0-a459-6459dc07256b
[2020-04-17T11:19:57.830] [INFO] cli 4.2.26 - Pulled asset with path /coronavirus-response/static/css/main.f257a2b7.chunk.css and id eebe39a7-d6b1-4c23-bebc-0bc14f54b68b
[2020-04-17T11:19:57.859] [INFO] cli 4.2.26 - Pulled asset with path /coronavirus-response/static/css/main.f257a2b7.chunk.css.map and id 51005d59-7c25-405c-8bb6-e1539353ef8d
[2020-04-17T11:19:57.866] [INFO] cli 4.2.26 - Pulled asset with path /coronavirus-response/precache-manifest.6d2001c0ae848264b7b783c79e6b4ce8.js and id 57d51cf5-2cee-4c3d-aadd-ec9446337e86
[2020-04-17T11:19:57.901] [INFO] cli 4.2.26 - Pulled asset with path /coronavirus-response/static/js/main.2470de98.chunk.js and id 84932535-3f1f-45db-940d-bd9c48fee198
[2020-04-17T11:19:57.979] [INFO] cli 4.2.26 - Pulled asset with path /coronavirus-response/static/js/main.2470de98.chunk.js.map and id 914754ac-7bb0-4001-99b8-7fd3c80c173b
[2020-04-17T11:19:58.062] [INFO] cli 4.2.26 - Pulled asset with path /coronavirus-response/precache-manifest.9549c97a85e7df34a3ad3ec9570afc0d.js and id 619f453e-7298-4a83-bdf3-624cea8ccb71
[2020-04-17T11:19:58.139] [INFO] cli 4.2.26 - Pulled asset with path /coronavirus-response/precache-manifest.795289ffc0643127d91cee6e455aad97.js and id af92a019-7369-46cf-9507-33dfb38685d1
[2020-04-17T11:19:58.150] [INFO] cli 4.2.26 - Pulled asset with path /coronavirus-response/static/js/main.d41d8003.chunk.js and id cd06b7a0-4a9c-488a-b78d-e984545133dd
[2020-04-17T11:19:58.214] [INFO] cli 4.2.26 - Pulled asset with path /coronavirus-response/static/js/main.d41d8003.chunk.js.map and id 36595a54-8204-4a84-b855-5ebd99956c4a
[2020-04-17T11:19:58.329] [INFO] cli 4.2.26 - Pulled asset with path /dxdam/d5/d54b9636-e7dc-495e-a7e8-edce40836d01/paperless-statements-sample.jpg and id d54b9636-e7dc-495e-a7e8-edce40836d01
[2020-04-17T11:19:58.416] [INFO] cli 4.2.26 - Pulled asset with path /dxdam/ce/ce843b99-9a6e-4a09-97a2-0bb7e47b31ab/online-banking-sample.jpg and id ce843b99-9a6e-4a09-97a2-0bb7e47b31ab
[2020-04-17T11:19:58.671] [INFO] cli 4.2.26 - Pulled asset with path /coronavirus-response/static/js/main.4e30c6da.chunk.js.map and id a8d2e788-5789-4981-953f-241fd89eb713
[2020-04-17T11:19:58.749] [INFO] cli 4.2.26 - Pulled asset with path /dxdam/7a/7ac7727b-5d53-44ff-9cc0-2438a2e798ae/open_sample.jpg and id 7ac7727b-5d53-44ff-9cc0-2438a2e798ae
[2020-04-17T11:19:58.970] [INFO] cli 4.2.26 - Pulled asset with path /dxdam/1e/1e43b0e8-98df-4a46-81b0-beea938edf9d/remote_customer_service_sample.jpg and id 1e43b0e8-98df-4a46-81b0-beea938edf9d
[2020-04-17T11:19:58.986] [INFO] cli 4.2.26 - Pulled asset with path /coronavirus-response/static/js/main.4e30c6da.chunk.js and id 2324c520-d0f3-4f6d-b2de-68f6596b70e4
[2020-04-17T11:19:59.023] [INFO] cli 4.2.26 - Pulled asset with path /coronavirus-response/precache-manifest.fe24abbec9963e72d6d96a8881f7b315.js and id 4b37fa18-a530-4984-b1d3-df22f5056d7b
[2020-04-17T11:19:59.107] [INFO] cli 4.2.26 - Pulled asset with path /dxdam/38/38bf750a-3334-45a8-a527-163561008fcf/drive_in_banking_sample.jpg and id 38bf750a-3334-45a8-a527-163561008fcf
[2020-04-17T11:19:59.314] [INFO] cli 4.2.26 - Pulled asset with path /dxdam/f5/f56ee7fa-5e51-4a48-8122-6e0da259da5e/town_sample.jpg and id f56ee7fa-5e51-4a48-8122-6e0da259da5e
[2020-04-17T11:19:59.320] [INFO] cli 4.2.26 - Pulled asset with path /coronavirus-response/static/media/ic-menu.f39399be.svg and id d81d1c5d-8a0a-43d6-b326-addd5bd43c2d
[2020-04-17T11:19:59.354] [INFO] cli 4.2.26 - Pulled asset with path /coronavirus-response/static/media/traveler-logo.924ffef0.svg and id 68432ac9-d1f7-4111-a2e5-1444865623cb
[2020-04-17T11:19:59.372] [INFO] cli 4.2.26 - Pulled asset with path /coronavirus-response/static/media/Roboto-Regular.11eabca2.ttf and id 007b0096-1874-44dd-b987-bc37f60e877a
[2020-04-17T11:19:59.491] [INFO] cli 4.2.26 - Pulled asset with path /coronavirus-response/static/media/ic-search.9ccee351.svg and id 345efcb8-f2b3-49df-a396-dc844e8bf3e0
[2020-04-17T11:19:59.530] [INFO] cli 4.2.26 - Pulled asset with path /coronavirus-response/static/media/ic-clear.f309befa.svg and id e1a80abe-7bb8-4ce1-b88c-a80d0acb8df4
[2020-04-17T11:19:59.592] [INFO] cli 4.2.26 - Pulled asset with path /coronavirus-response/static/media/Anton.649480c9.ttf and id 89f64796-5126-49c3-8e50-7466020d4d84
[2020-04-17T11:19:59.608] [INFO] cli 4.2.26 - Pulled asset with path /coronavirus-response/static/media/ic-arrow-drop-down.07438d3c.svg and id ce8096d8-ab5b-4289-afab-31f2500bbd74
[2020-04-17T11:19:59.666] [INFO] cli 4.2.26 - Pulled asset with path /coronavirus-response/static/js/runtime-main.4ef4d81d.js.map and id 61c7210a-6ab8-4ada-948d-342d54f3547d
[2020-04-17T11:19:59.766] [INFO] cli 4.2.26 - Pulled asset with path /coronavirus-response/static/js/runtime-main.4ef4d81d.js and id 403d6529-70fe-458c-a9bc-d96071be2a99
[2020-04-17T11:19:59.863] [INFO] cli 4.2.26 - Pulled asset with path /coronavirus-response/static/js/main.b10830a7.chunk.js and id a8b05710-ca72-4e0e-9133-e1bf10538e64
[2020-04-17T11:19:59.987] [INFO] cli 4.2.26 - Pulled asset with path /coronavirus-response/static/js/2.ea59696c.chunk.js.LICENSE and id 62dd59e0-81fa-4898-9996-5b3391562ce9
[2020-04-17T11:20:00.020] [INFO] cli 4.2.26 - Pulled asset with path /coronavirus-response/static/js/2.ea59696c.chunk.js and id b2f21f0a-f5a2-4d2e-b0a9-3a1365a53c19
[2020-04-17T11:20:00.122] [INFO] cli 4.2.26 - Pulled asset with path /coronavirus-response/static/js/2.ea59696c.chunk.js.map and id 72cd70b7-3f2f-4a28-9d9d-b9870249103b
[2020-04-17T11:20:00.144] [INFO] cli 4.2.26 - Pulled asset with path /coronavirus-response/static/css/main.b2ef51e0.chunk.css.map and id 653c8a22-7753-4acc-bda4-81bba2feaa6a
[2020-04-17T11:20:00.168] [INFO] cli 4.2.26 - Pulled asset with path /coronavirus-response/static/js/main.b10830a7.chunk.js.map and id 4436fed2-19f3-41a8-8b50-6e0e8386ee69
[2020-04-17T11:20:00.230] [INFO] cli 4.2.26 - Pulled asset with path /coronavirus-response/static/css/main.b2ef51e0.chunk.css and id 56669e39-9a50-4b87-9af1-7b2ff755e0d5
[2020-04-17T11:20:00.283] [INFO] cli 4.2.26 - Pulled asset with path /coronavirus-response/manifest.json and id a14eb2a8-67ed-4f80-99f9-a8c0d50ed9bc
[2020-04-17T11:20:00.327] [INFO] cli 4.2.26 - Pulled asset with path /coronavirus-response/favicon.ico and id c74a9f8f-606d-4099-8002-4167ae3767a8
[2020-04-17T11:20:00.347] [INFO] cli 4.2.26 - Pulled asset with path /coronavirus-response/precache-manifest.5ae71979da6cee38655cb70525ddca24.js and id 5196c9b6-16e2-4a14-9922-2fd53e9fb495
[2020-04-17T11:20:00.363] [INFO] cli 4.2.26 - Pulled asset with path /coronavirus-response.html/static/media/ic-search.9ccee351.svg and id 99ed5421-7385-4640-9a74-d348726bfb4f
[2020-04-17T11:20:00.434] [INFO] cli 4.2.26 - Pulled asset with path /coronavirus-response.html/static/media/traveler-logo.924ffef0.svg and id 1b1dd1a3-3fcc-4b8a-aef1-6ef7ad895865
[2020-04-17T11:20:00.455] [INFO] cli 4.2.26 - Pulled asset with path /coronavirus-response.html/static/media/ic-clear.f309befa.svg and id dfe3291c-2c47-49ca-b244-9a2c8c5c31d0
[2020-04-17T11:20:00.539] [INFO] cli 4.2.26 - Pulled asset with path /coronavirus-response.html/static/media/ic-arrow-drop-down.07438d3c.svg and id 4d6668e7-40d0-4fbb-a06d-c125fc483673
[2020-04-17T11:20:00.578] [INFO] cli 4.2.26 - Pulled asset with path /coronavirus-response.html/static/media/ic-menu.f39399be.svg and id 63569233-7315-464b-a9de-d33dc7efd9dd
[2020-04-17T11:20:00.584] [INFO] cli 4.2.26 - Pulled asset with path /coronavirus-response.html/static/media/Anton.649480c9.ttf and id 803b31a8-4fd8-49e1-a989-ef96c1622df2
[2020-04-17T11:20:00.643] [INFO] cli 4.2.26 - Pulled asset with path /coronavirus-response.html/static/js/runtime-main.4ef4d81d.js.map and id ba51dd89-b68e-4ae3-b969-922b52205db0
[2020-04-17T11:20:00.729] [INFO] cli 4.2.26 - Pulled asset with path /coronavirus-response.html/static/media/Roboto-Regular.11eabca2.ttf and id 6a50fa24-e5ad-4191-b324-8f76b25b2e0d
[2020-04-17T11:20:00.776] [INFO] cli 4.2.26 - Pulled asset with path /coronavirus-response.html/static/js/main.b10830a7.chunk.js.map and id 469f8232-046e-4685-ac30-ad1cc60aa595
[2020-04-17T11:20:00.824] [INFO] cli 4.2.26 - Pulled asset with path /coronavirus-response.html/static/js/runtime-main.4ef4d81d.js and id 651c90a5-73e3-438f-964d-3390361f0130
[2020-04-17T11:20:00.874] [INFO] cli 4.2.26 - Pulled asset with path /coronavirus-response.html/static/js/main.b10830a7.chunk.js and id d99e3af4-247e-44b1-873f-b5a91a476329
[2020-04-17T11:20:01.047] [INFO] cli 4.2.26 - Pulled asset with path /coronavirus-response.html/static/js/2.ea59696c.chunk.js.LICENSE and id f3005082-7f8a-4c19-aaf2-9bd7b73beb17
[2020-04-17T11:20:01.095] [INFO] cli 4.2.26 - Pulled asset with path /coronavirus-response.html/service-worker.js and id 7f3f6108-2430-4156-8a38-719a82f62073
[2020-04-17T11:20:01.101] [INFO] cli 4.2.26 - Pulled asset with path /coronavirus-response.html/static/css/main.b2ef51e0.chunk.css and id dd163b83-4197-463d-a9bc-3d9929ceacdd
[2020-04-17T11:20:01.161] [INFO] cli 4.2.26 - Pulled asset with path /coronavirus-response.html/static/js/2.ea59696c.chunk.js.map and id e8137b22-b2a6-4f17-8728-995d49357e9e
[2020-04-17T11:20:01.184] [INFO] cli 4.2.26 - Pulled asset with path /coronavirus-response.html/static/js/2.ea59696c.chunk.js and id fd7ec8ba-434c-442e-997d-dab6a05c441b
[2020-04-17T11:20:01.335] [INFO] cli 4.2.26 - Pulled asset with path /coronavirus-response.html/static/css/main.b2ef51e0.chunk.css.map and id aca1e180-04aa-411e-a86e-23ce03485502
[2020-04-17T11:20:01.391] [INFO] cli 4.2.26 - Pulled asset with path /coronavirus-response.html/index.html and id 48292458-3648-4754-9426-5beecfb3eed8
[2020-04-17T11:20:01.401] [INFO] cli 4.2.26 - Pulled asset with path /coronavirus-response.html/favicon.ico and id 931a99e3-c4de-4817-b571-85fbfd559d45
[2020-04-17T11:20:01.497] [INFO] cli 4.2.26 - Pulled asset with path /coronavirus-response.html/manifest.json and id 05e00ab3-325c-413a-a85a-fbd355772c90
[2020-04-17T11:20:01.507] [INFO] cli 4.2.26 - Pulled asset with path /coronavirus-response.html/precache-manifest.5ae71979da6cee38655cb70525ddca24.js and id b55fab49-07c6-45ce-906a-76d9b25359ea
[2020-04-17T11:20:01.534] [INFO] cli 4.2.26 - Pulled asset with path /coronavirus-response.html/asset-manifest.json and id d2192838-a8d2-45c9-8b37-e8fc82b711e6
[2020-04-17T11:20:01.651] [INFO] cli 4.2.26 - Pulled asset with path /samples/traveler-website/static/js/main.b10830a7.chunk.js and id 7227f6ab-136f-4733-91cd-1dc1d2e69c4a
[2020-04-17T11:20:01.709] [INFO] cli 4.2.26 - Pulled asset with path /samples/traveler-website/static/js/main.b10830a7.chunk.js.map and id 4b6ec769-a10a-40d4-99a4-16b620369f0d
[2020-04-17T11:20:01.715] [INFO] cli 4.2.26 - Pulled asset with path /samples/traveler-website/index.html and id 31e6b2f2-c367-4aab-8b1e-52ebb9c9fd4b
[2020-04-17T11:20:01.749] [INFO] cli 4.2.26 - Pulled asset with path /samples/traveler-website/precache-manifest.971361b9d18539a30988af738138ddef.js and id 590fe12e-6278-4497-9009-192fd50e5d89
[2020-04-17T11:20:01.758] [INFO] cli 4.2.26 - Pulled asset with path /samples/traveler-website/service-worker.js and id d7032e78-6723-4afa-b1ce-f1b138d036dc
[2020-04-17T11:20:01.881] [INFO] cli 4.2.26 - Pulled asset with path /samples/traveler-website/asset-manifest.json and id 1cb142dd-d161-4409-a8b9-e7a0db63fa97
[2020-04-17T11:20:02.038] [INFO] cli 4.2.26 - Pulled asset with path /dxdam/08/08d56d58-52dc-4b73-a62a-d732fde4d2c2/InstrumentalBank_Mark_sample.png and id 08d56d58-52dc-4b73-a62a-d732fde4d2c2
[2020-04-17T11:20:02.068] [INFO] cli 4.2.26 - Pulled asset with path /samples/traveler-website/static/js/main.c660a397.chunk.js.map and id 7f3b0a0c-ab2d-4116-9904-db948bdf27ac
[2020-04-17T11:20:02.141] [INFO] cli 4.2.26 - Pulled asset with path /samples/traveler-website/static/js/main.c660a397.chunk.js and id 0abc81de-d95e-43ab-87bc-abe254c5db64
[2020-04-17T11:20:02.169] [INFO] cli 4.2.26 - Pulled asset with path /samples/traveler-website/static/css/main.bc70bfae.chunk.css.map and id c0420007-0fa7-4f3e-9395-54d638796557
[2020-04-17T11:20:02.268] [INFO] cli 4.2.26 - Pulled asset with path /samples/traveler-website/static/css/main.bc70bfae.chunk.css and id 2f742f23-7cb1-42f8-9bc3-1b047782eecb
[2020-04-17T11:20:02.290] [INFO] cli 4.2.26 - Pulled asset with path /samples/traveler-website/precache-manifest.698c2817231d4e0fba7652e922e0a25a.js and id 02529d3d-3a68-48ee-be95-4e178609a343
[2020-04-17T11:20:02.348] [INFO] cli 4.2.26 - Pulled asset with path /dxdam/43/43e6d357-d4e1-4d0c-b0f9-435b5c9d9b55/buildingsbanner.jpg and id 43e6d357-d4e1-4d0c-b0f9-435b5c9d9b55
[2020-04-17T11:20:02.438] [INFO] cli 4.2.26 - Pulled asset with path /samples/traveler-website/static/js/main.ced4b495.chunk.js and id 785dac20-65ba-4205-ac06-8e0fd0065d46
[2020-04-17T11:20:02.536] [INFO] cli 4.2.26 - Pulled asset with path /samples/traveler-website/static/css/main.57528cd7.chunk.css and id 6c9e4887-2a63-4148-af41-4fb5f3e6cddb
[2020-04-17T11:20:02.554] [INFO] cli 4.2.26 - Pulled asset with path /samples/traveler-website/static/css/main.57528cd7.chunk.css.map and id 098dd3cf-f949-4a44-ad09-198b122ed16f
[2020-04-17T11:20:02.597] [INFO] cli 4.2.26 - Pulled asset with path /samples/traveler-website/static/js/main.ced4b495.chunk.js.map and id 026b43a9-3b1a-49f6-9805-c5f1082fae11
[2020-04-17T11:20:02.813] [INFO] cli 4.2.26 - Pulled asset with path /dxdam/f3/f35a9c5b-8626-41a2-b276-c34f96d96378/mortgage_assistance_article_sample.jpg and id f35a9c5b-8626-41a2-b276-c34f96d96378
[2020-04-17T11:20:02.819] [INFO] cli 4.2.26 - Pulled asset with path /samples/traveler-website/static/media/ic-search.9ccee351.svg and id a46fc9c1-4256-4374-ba13-5358916c8d46
[2020-04-17T11:20:02.822] [INFO] cli 4.2.26 - Pulled asset with path /samples/traveler-website/precache-manifest.42fef79491bc7ada2c706b62e8ef2e76.js and id d9061107-5fae-4ae9-b114-6d57fafdfccd
[2020-04-17T11:20:02.831] [INFO] cli 4.2.26 - Pulled asset with path /samples/traveler-website/precache-manifest.c03f60471f9d2d3451b8a531867a3512.js and id 16ab3faf-e4c4-4e06-a715-aaf022d134ac
[2020-04-17T11:20:02.983] [INFO] cli 4.2.26 - Pulled asset with path /samples/traveler-website/static/media/traveler-logo.924ffef0.svg and id fbf02586-e864-49cb-897b-9b9e230b8269
[2020-04-17T11:20:03.069] [INFO] cli 4.2.26 - Pulled asset with path /samples/traveler-website/static/media/ic-clear.f309befa.svg and id f71795bf-cd41-4fa5-ac51-ab85bda5a514
[2020-04-17T11:20:03.106] [INFO] cli 4.2.26 - Pulled asset with path /samples/traveler-website/static/media/Roboto-Regular.11eabca2.ttf and id 3474234f-74df-451e-a587-5f5f23b04a82
[2020-04-17T11:20:03.133] [INFO] cli 4.2.26 - Pulled asset with path /samples/traveler-website/static/media/ic-menu.f39399be.svg and id 6f2a4a22-2d0a-42ce-8d00-c0b6fc59d25d
[2020-04-17T11:20:03.144] [INFO] cli 4.2.26 - Pulled asset with path /samples/traveler-website/static/media/ic-arrow-drop-down.07438d3c.svg and id 14d91dd2-a3fd-48a6-adf1-8f9450de868c
[2020-04-17T11:20:03.195] [INFO] cli 4.2.26 - Pulled asset with path /samples/traveler-website/static/media/Anton.649480c9.ttf and id d7fb6937-d2e0-4435-9ca8-194d24a3f4bb
[2020-04-17T11:20:03.323] [INFO] cli 4.2.26 - Pulled asset with path /samples/traveler-website/static/js/runtime-main.573e96a0.js.map and id 1ebb41d0-7321-4082-914c-66e1d3caee39
[2020-04-17T11:20:03.406] [INFO] cli 4.2.26 - Pulled asset with path /samples/traveler-website/static/js/runtime-main.573e96a0.js and id e35fc252-aa0d-4c11-b875-b9491c995ac9
[2020-04-17T11:20:03.428] [INFO] cli 4.2.26 - Pulled asset with path /samples/traveler-website/static/js/main.e9d54194.chunk.js and id 5d93b82a-2a09-44c3-b4db-82844ff7cd7d
[2020-04-17T11:20:03.498] [INFO] cli 4.2.26 - Pulled asset with path /samples/traveler-website/static/js/main.e9d54194.chunk.js.map and id 83c17bc9-67e2-405d-80b2-60ba8264cf1c
[2020-04-17T11:20:03.666] [INFO] cli 4.2.26 - Pulled asset with path /samples/traveler-website/static/js/2.ea59696c.chunk.js.map and id 7e291850-203f-4539-b48d-53d3bfffd728
[2020-04-17T11:20:03.690] [INFO] cli 4.2.26 - Pulled asset with path /samples/traveler-website/static/css/main.87b51c4e.chunk.css.map and id 70fae8e4-3464-4577-877f-4f1cbeb80ed2
[2020-04-17T11:20:03.714] [INFO] cli 4.2.26 - Pulled asset with path /samples/traveler-website/static/js/2.ea59696c.chunk.js and id 23b24527-da53-4842-8e63-4af48943b4f7
[2020-04-17T11:20:03.753] [INFO] cli 4.2.26 - Pulled asset with path /samples/traveler-website/static/css/main.87b51c4e.chunk.css and id 84ed87f2-0adb-41e5-88bb-7006bb0bd19e
[2020-04-17T11:20:03.785] [INFO] cli 4.2.26 - Pulled asset with path /samples/traveler-website/static/js/2.ea59696c.chunk.js.LICENSE and id 989ad688-f998-488a-b362-bac00d15cdd7
[2020-04-17T11:20:03.948] [INFO] cli 4.2.26 - Pulled asset with path /samples/traveler-website/precache-manifest.b75269a185aec347b4a8e7b6fdcf9465.js and id f647538c-6f1f-4468-be48-c260efb8b333
[2020-04-17T11:20:03.966] [INFO] cli 4.2.26 - Pulled asset with path /samples/traveler-website/manifest.json and id d69858af-ae2f-4b99-a7f4-726b531f5c1d
[2020-04-17T11:20:04.033] [INFO] cli 4.2.26 - Pulled asset with path /dxdam/ff/ffa2b2bb-9142-4c8c-9e25-4f9bcceed4dc/Q&A.png and id ffa2b2bb-9142-4c8c-9e25-4f9bcceed4dc
[2020-04-17T11:20:04.057] [INFO] cli 4.2.26 - Pulled asset with path /dxdam/99/9970271a-aa2e-4e42-b16f-03730566d482/defaultBackground.png and id 9970271a-aa2e-4e42-b16f-03730566d482
[2020-04-17T11:20:04.092] [INFO] cli 4.2.26 - Pulled asset with path /samples/traveler-website/favicon.ico and id 6e3dfad7-9ac8-41ea-804a-57d9180d63b2
[2020-04-17T11:20:04.253] [INFO] cli 4.2.26 - Pulled asset with path /samples/traveler-website/static/js/main.299b8ff6.chunk.js.map and id c015a040-8c8f-4d02-93b8-1d36c6210681
[2020-04-17T11:20:04.270] [INFO] cli 4.2.26 - Pulled asset with path /samples/traveler-website/static/js/main.299b8ff6.chunk.js and id a5d81595-7e01-46c4-aba0-3b1b276dda16
[2020-04-17T11:20:04.419] [INFO] cli 4.2.26 - Pulled asset with path /samples/traveler-website/static/css/main.6151aa40.chunk.css.map and id 9029a467-4bbd-48fd-a579-1b1e32a7ef20
[2020-04-17T11:20:04.445] [INFO] cli 4.2.26 - Pulled asset with path /samples/traveler-website/static/js/2.77e1cb49.chunk.js and id cce0ba4a-ebd6-4214-9f0e-3e2622c77d68
[2020-04-17T11:20:04.519] [INFO] cli 4.2.26 - Pulled asset with path /samples/traveler-website/static/css/main.6151aa40.chunk.css and id d3545639-5ab9-4f55-8941-5be09bca88e9
[2020-04-17T11:20:04.533] [INFO] cli 4.2.26 - Pulled asset with path /samples/traveler-website/static/js/2.77e1cb49.chunk.js.map and id 4d7d4f7e-c993-4971-8316-29e0d598e319
[2020-04-17T11:20:04.566] [INFO] cli 4.2.26 - Pulled asset with path /samples/traveler-website/static/js/2.77e1cb49.chunk.js.LICENSE and id ff418885-df32-46e2-84cd-692e2470ed7f
[2020-04-17T11:20:04.646] [INFO] cli 4.2.26 - Pulled asset with path /samples/traveler-website/precache-manifest.82dcada89f4799d006a8cc1383b5b658.js and id df547c46-6839-4626-8b85-96f931144037
[2020-04-17T11:20:05.165] [INFO] cli 4.2.26 - Pulled asset with path /samples/traveler-website/static/css/main.a45cd718.chunk.css and id cb0a9394-9441-42aa-b573-225a1c5841d6
[2020-04-17T11:20:05.181] [INFO] cli 4.2.26 - Pulled asset with path /samples/traveler-website/static/js/2.8f497bc8.chunk.js.LICENSE and id c3bee5ed-5741-4ab0-a79d-1eadd332897f
[2020-04-17T11:20:05.197] [INFO] cli 4.2.26 - Pulled asset with path /samples/traveler-website/static/css/main.a45cd718.chunk.css.map and id 09b0f844-c3d2-43d2-ac99-a853568e63b7
[2020-04-17T11:20:05.211] [INFO] cli 4.2.26 - Pulled asset with path /samples/traveler-website/static/js/main.582584a6.chunk.js and id 7430074c-a857-42c4-aa0f-136a2f9823d0
[2020-04-17T11:20:05.266] [INFO] cli 4.2.26 - Pulled asset with path /samples/traveler-website/static/js/main.582584a6.chunk.js.map and id 8623df43-9c71-42d8-900c-5bca9a51ede9
[2020-04-17T11:20:05.445] [INFO] cli 4.2.26 - Pulled asset with path /samples/traveler-website/precache-manifest.bfcdb57d00c8fc8abcac021843e74067.js and id d0fe24d1-f0b4-413d-acdc-61cc9a84c5df
[2020-04-17T11:20:05.566] [INFO] cli 4.2.26 - Pulled asset with path /samples/traveler-website/static/js/main.2b38ab31.chunk.js.map and id bb492fb5-8a4d-4980-bebe-b218b2a0380a
[2020-04-17T11:20:05.584] [INFO] cli 4.2.26 - Pulled asset with path /samples/traveler-website/static/js/2.8f497bc8.chunk.js and id 5561d812-de9e-4e9c-8031-0fe6c0efd9c1
[2020-04-17T11:20:05.717] [INFO] cli 4.2.26 - Pulled asset with path /samples/traveler-website/static/js/main.2b38ab31.chunk.js and id bbc2de49-3ca6-4b32-b490-81e7c14ed90f
[2020-04-17T11:20:05.784] [INFO] cli 4.2.26 - Pulled asset with path /samples/traveler-website/static/js/2.8f497bc8.chunk.js.map and id db114438-420c-4e51-a2ca-afa1a28f790c
[2020-04-17T11:20:05.821] [INFO] cli 4.2.26 - Pulled asset with path /samples/traveler-website/static/js/2.2ff01a86.chunk.js.LICENSE and id 02b21f4c-d760-42c4-9669-e68e5764b828
[2020-04-17T11:20:05.917] [INFO] cli 4.2.26 - Pulled asset with path /samples/traveler-website/static/js/2.2ff01a86.chunk.js and id e547449a-d0b3-481c-a2e5-1e7b02c15348
[2020-04-17T11:20:05.982] [INFO] cli 4.2.26 - Pulled asset with path /samples/traveler-website/static/js/2.2ff01a86.chunk.js.map and id ed698b9d-0972-474f-b514-97cd11c4f7c0
[2020-04-17T11:20:06.059] [INFO] cli 4.2.26 - Pulled asset with path /samples/traveler-website/static/css/main.af7acf7c.chunk.css.map and id 81efad31-d830-42c0-a482-bb2d7db11813
[2020-04-17T11:20:06.081] [INFO] cli 4.2.26 - Pulled asset with path /samples/traveler-website/static/css/main.af7acf7c.chunk.css and id 21ee149e-8873-460a-82a1-a0aa7e271ee0
[2020-04-17T11:20:06.146] [INFO] cli 4.2.26 - Pulled asset with path /samples/traveler-website/precache-manifest.e9157df23af4acf89f29e0fb7720f065.js and id db10b69f-17bd-4af1-b69b-57a3a32795aa
[2020-04-17T11:20:06.208] [INFO] cli 4.2.26 - Pulled asset with path /samples/traveler-website/static/js/main.0d277c52.chunk.js and id eb9361a9-5553-43aa-b2e5-5bea3826625e
[2020-04-17T11:20:06.365] [INFO] cli 4.2.26 - Pulled asset with path /samples/traveler-website/static/js/main.0d277c52.chunk.js.map and id 53079e52-b3d6-4a62-a010-999bb6082606
[2020-04-17T11:20:06.398] [INFO] cli 4.2.26 - Pulled asset with path /samples/traveler-website/static/js/main.ddbc94a0.chunk.js.map and id ad552e90-3257-49d2-a02d-c2d7664608de
[2020-04-17T11:20:06.422] [INFO] cli 4.2.26 - Pulled asset with path /samples/traveler-website/static/js/main.ddbc94a0.chunk.js and id da5f5e53-a251-450c-b06e-c1f8d0aae813
[2020-04-17T11:20:06.440] [INFO] cli 4.2.26 - Pulled asset with path /samples/traveler-website/precache-manifest.490afcab80401d3ddcd57f3b11902363.js and id 8715ef18-820e-40e7-a987-5491883ed45b
[2020-04-17T11:20:06.585] [INFO] cli 4.2.26 - Pulled asset with path /samples/traveler-website/static/js/2.47447c2b.chunk.js.LICENSE and id 86ce2f3b-390b-483a-bd4c-168426616ae6
[2020-04-17T11:20:06.651] [INFO] cli 4.2.26 - Pulled asset with path /samples/traveler-website/static/js/2.47447c2b.chunk.js.map and id 5e10c325-e0d1-44b2-8902-bc7e6706fc9a
[2020-04-17T11:20:06.669] [INFO] cli 4.2.26 - Pulled asset with path /samples/traveler-website/static/css/main.94c3e92e.chunk.css.map and id 39eb1c34-b3be-4dbb-a807-6f10f6ddaac5
[2020-04-17T11:20:06.679] [INFO] cli 4.2.26 - Pulled asset with path /samples/traveler-website/static/css/main.94c3e92e.chunk.css and id 0c4fee84-3ebe-4e5d-8602-17f09402383f
[2020-04-17T11:20:06.748] [INFO] cli 4.2.26 - Pulled asset with path /samples/traveler-website/static/js/2.47447c2b.chunk.js and id 8dd2f172-41fe-43b2-b7df-86b1e06b21e1
[2020-04-17T11:20:06.840] [INFO] cli 4.2.26 - Pulled asset with path /samples/traveler-website/precache-manifest.797d138408b04aaf983da9b9559f1b11.js and id 23c81f29-335a-4848-b86f-aa9bb20d9f6d
[2020-04-17T11:20:06.902] [INFO] cli 4.2.26 - Pulled asset with path /samples/traveler-website/static/css/main.aeb29ec5.chunk.css.map and id dd2ea8a9-cc77-4042-a123-a3c991fbd0f4
[2020-04-17T11:20:06.972] [INFO] cli 4.2.26 - Pulled asset with path /samples/traveler-website/static/js/main.2221feff.chunk.js.map and id 7e18f623-b53f-4fda-a21d-2b057274a0c4
[2020-04-17T11:20:06.993] [INFO] cli 4.2.26 - Pulled asset with path /samples/traveler-website/static/css/main.aeb29ec5.chunk.css and id ec3b46d8-1a7f-4837-b8ba-69d0f341c3bf
[2020-04-17T11:20:07.012] [INFO] cli 4.2.26 - Pulled asset with path /samples/traveler-website/static/js/main.2221feff.chunk.js and id 4e0e090c-f525-4c2f-830a-993ebff24bc0
[2020-04-17T11:20:07.065] [INFO] cli 4.2.26 - Pulled asset with path /samples/traveler-website/precache-manifest.ed4c7ad433a8ce4bd75bdd99f7df2474.js and id 93759f7e-426f-4e44-969a-4a330301f91b
[2020-04-17T11:20:07.196] [INFO] cli 4.2.26 - Pulled asset with path /samples/traveler-website/static/css/main.b438e9f8.chunk.css.map and id c6b690f5-fb2b-44d4-adfa-0693c5d8bade
[2020-04-17T11:20:07.238] [INFO] cli 4.2.26 - Pulled asset with path /samples/traveler-website/static/css/main.b438e9f8.chunk.css and id 038ae446-88db-4b50-9ecd-d5493f519ed3
[2020-04-17T11:20:07.325] [INFO] cli 4.2.26 - Pulled asset with path /samples/traveler-website/static/js/main.91bac3ec.chunk.js and id 9676ccae-ee4f-400b-b4ca-9322201b6e44
[2020-04-17T11:20:07.351] [INFO] cli 4.2.26 - Pulled asset with path /samples/traveler-website/static/js/main.91bac3ec.chunk.js.map and id 4b32b110-bff7-4914-a0dc-9cddcba466e6
[2020-04-17T11:20:07.458] [INFO] cli 4.2.26 - Pulled asset with path /samples/traveler-website/static/js/2.400e4164.chunk.js.LICENSE and id 9992c409-8d4c-4583-bedb-3eef1b294e4f
[2020-04-17T11:20:07.505] [INFO] cli 4.2.26 - Pulled asset with path /samples/traveler-website/static/js/2.400e4164.chunk.js and id 30a22a8b-4c73-4f6b-add5-c2f5090e677a
[2020-04-17T11:20:07.661] [INFO] cli 4.2.26 - Pulled asset with path /samples/traveler-website/precache-manifest.36f0356d63037d8d16632de87cdb55d7.js and id 80a61a2c-3eb1-42fc-adc2-caf2c861e5ef
[2020-04-17T11:20:07.704] [INFO] cli 4.2.26 - Pulled asset with path /samples/traveler-website/static/js/2.400e4164.chunk.js.map and id 54f6727c-fc0c-494f-9d09-31b5bf5b8af4
[2020-04-17T11:20:07.728] [INFO] cli 4.2.26 - Pulled asset with path /samples/traveler-website/static/js/main.2d911aa7.chunk.js.map and id 1610b614-3019-4d57-bb09-5826d9951b5a
[2020-04-17T11:20:07.746] [INFO] cli 4.2.26 - Pulled asset with path /samples/traveler-website/static/js/main.2d911aa7.chunk.js and id c58c3f12-d479-43bf-9f1c-adc0e9f3bcdf
[2020-04-17T11:20:07.959] [INFO] cli 4.2.26 - Pulled asset with path /samples/traveler-website/static/js/2.c604be0a.chunk.js.map and id 3b989f2f-981f-48b2-ae9d-2f00f6399310
[2020-04-17T11:20:07.980] [INFO] cli 4.2.26 - Pulled asset with path /samples/traveler-website/static/js/2.c604be0a.chunk.js.LICENSE and id dbeef535-aff8-4618-8e45-36d0d46d9b83
[2020-04-17T11:20:08.002] [INFO] cli 4.2.26 - Pulled asset with path /samples/traveler-website/static/css/main.b16f2422.chunk.css and id e4ee4fe0-8711-4927-93e0-e649ffc7a304
[2020-04-17T11:20:08.027] [INFO] cli 4.2.26 - Pulled asset with path /samples/traveler-website/static/css/main.b16f2422.chunk.css.map and id fa65cb2f-4585-4ced-9b1d-e259a87fd9ee
[2020-04-17T11:20:08.049] [INFO] cli 4.2.26 - Pulled asset with path /samples/traveler-website/static/js/2.c604be0a.chunk.js and id 1f31cd94-d8a7-4252-a50d-b64d06327ab2
[2020-04-17T11:20:08.216] [INFO] cli 4.2.26 - Pulled asset with path /samples/traveler-website/precache-manifest.fa7190a78418ed4ce082577cbfd86936.js and id 5610349e-545f-4454-b216-60b1ebfa2936
[2020-04-17T11:20:08.323] [INFO] cli 4.2.26 - Pulled asset with path /samples/traveler-website/static/js/main.b2e9720a.chunk.js.map and id ee85f9d7-ff43-4616-8257-503c799ed39c
[2020-04-17T11:20:08.379] [INFO] cli 4.2.26 - Pulled asset with path /samples/traveler-website/static/js/main.b2e9720a.chunk.js and id 0662ca21-3b32-45ed-9d88-d73555935dc8
[2020-04-17T11:20:08.435] [INFO] cli 4.2.26 - Pulled asset with path /samples/traveler-website/static/js/2.ee1fe2d7.chunk.js and id 801f2e50-cb0d-4a70-87b7-5a34eec370a2
[2020-04-17T11:20:08.587] [INFO] cli 4.2.26 - Pulled asset with path /samples/traveler-website/static/js/2.ee1fe2d7.chunk.js.map and id 77164d2e-a98b-4e7c-90b4-21309762a4b0
[2020-04-17T11:20:08.615] [INFO] cli 4.2.26 - Pulled asset with path /samples/traveler-website/static/js/2.ee1fe2d7.chunk.js.LICENSE and id b964c725-957c-4ee3-ad41-8fda22f61786
[2020-04-17T11:20:08.625] [INFO] cli 4.2.26 - Pulled asset with path /samples/traveler-website/static/css/main.b204d5f3.chunk.css and id 82270b0e-594c-472a-a58d-8c256f6e70f6
[2020-04-17T11:20:08.663] [INFO] cli 4.2.26 - Pulled asset with path /samples/traveler-website/static/css/main.b204d5f3.chunk.css.map and id 0073ff76-0848-402a-97f7-07edc669825d
[2020-04-17T11:20:08.793] [INFO] cli 4.2.26 - Pulled asset with path /samples/traveler-website/precache-manifest.3f745b950eb2858a1162f4c4f8d67f21.js and id 3f99dd2f-516e-46f8-8776-15def8e85aef
[2020-04-17T11:20:08.831] [INFO] cli 4.2.26 - Pulled asset with path /images/ic-menu.svg and id 6b50f4f8-5931-4ed7-89df-aa2a097c531b
[2020-04-17T11:20:08.869] [INFO] cli 4.2.26 - Pulled asset with path /images/traveler-logo.svg and id 750a2330-57f6-4dff-a684-a8d4c4e9838d
[2020-04-17T11:20:08.875] [INFO] cli 4.2.26 - Pulled asset with path /images/ic-search.svg and id 5d67b968-03b3-498b-8082-78c12fa285da
[2020-04-17T11:20:08.891] [INFO] cli 4.2.26 - Pulled asset with path /images/ic-clear.svg and id c7d8d427-c8e1-45f7-975d-0fb6726a0bac
[2020-04-17T11:20:09.075] [INFO] cli 4.2.26 - Pulled asset with path /images/ic-clear-white.svg and id fe22d105-7b4b-4291-adc7-40926e66bd7e
[2020-04-17T11:20:09.155] [INFO] cli 4.2.26 - Pulled asset with path /images/ic-arrow-drop-down.svg and id 9797a904-e35a-4c46-9ce3-5d68f289c957
[2020-04-17T11:20:09.178] [INFO] cli 4.2.26 - Pulled asset with path /fonts/Roboto-Regular.ttf and id 4a51cd0d-fb57-484d-b604-aedd6160194d
[2020-04-17T11:20:09.181] [INFO] cli 4.2.26 - Pulled asset with path /styles/_colors.scss and id 73cfc8f6-074b-4cf9-ab6b-a5294c8faf75
[2020-04-17T11:20:09.342] [INFO] cli 4.2.26 - Pulled asset with path /dxdam/39/39c2da7b-a310-48c8-b1b7-5f0f627156ad/FB_Color.svg and id 39c2da7b-a310-48c8-b1b7-5f0f627156ad
[2020-04-17T11:20:09.375] [INFO] cli 4.2.26 - Pulled asset with path /styles/_variables.scss and id 9889e076-739f-4997-971c-cebfab4c823e
[2020-04-17T11:20:09.501] [INFO] cli 4.2.26 - Pulled asset with path /dxdam/06/0625bde9-8974-48e7-a675-38074936a966/IG_Color.svg and id 0625bde9-8974-48e7-a675-38074936a966
[2020-04-17T11:20:09.562] [INFO] cli 4.2.26 - Pulled asset with path /dxdam/02/024e51e2-f544-4b57-ad18-0d13e09706bd/YT_Color.svg and id 024e51e2-f544-4b57-ad18-0d13e09706bd
[2020-04-17T11:20:09.606] [INFO] cli 4.2.26 - Pulled asset with path /dxdam/0c/0c38b389-13a3-431c-97ae-5eadc5098c99/TU_Color.svg and id 0c38b389-13a3-431c-97ae-5eadc5098c99
[2020-04-17T11:20:09.659] [INFO] cli 4.2.26 - Pulled asset with path /fonts/Anton.ttf and id 11a2308b-d8be-4afa-8596-d20bbb6b24ef
[2020-04-17T11:20:09.706] [INFO] cli 4.2.26 - Pulled asset with path /dxdam/4e/4e69dd11-5345-40fc-9e2f-4d52f62882a8/TW_Color.svg and id 4e69dd11-5345-40fc-9e2f-4d52f62882a8
[2020-04-17T11:20:09.715] [INFO] cli 4.2.26 - Pulled asset with path /dxdam/fb/fb92a6b9-7874-4f03-9aa3-d6c972465586/YE_Color.svg and id fb92a6b9-7874-4f03-9aa3-d6c972465586
[2020-04-17T11:20:09.826] [INFO] cli 4.2.26 - Pulled asset with path /dxdam/3d/3d82f6d9-2055-471f-b9c7-baa946109549/SC_Color.svg and id 3d82f6d9-2055-471f-b9c7-baa946109549
[2020-04-17T11:20:09.831] [INFO] cli 4.2.26 - Pulled asset with path /dxdam/de/de93b5d0-7bf4-4b21-8048-021546c9b65d/IN_Color.svg and id de93b5d0-7bf4-4b21-8048-021546c9b65d
[2020-04-17T11:20:09.892] [INFO] cli 4.2.26 - Pulled asset with path /dxdam/62/62abf398-8fcf-4c16-a3f6-5d8535997df0/ME_Color.svg and id 62abf398-8fcf-4c16-a3f6-5d8535997df0
[2020-04-17T11:20:09.894] [INFO] cli 4.2.26 - Pulled asset with path /dxdam/3b/3bad9a25-fc66-419a-8f30-db96d02b25d5/PI_Color.svg and id 3bad9a25-fc66-419a-8f30-db96d02b25d5
[2020-04-17T11:20:09.941] [INFO] cli 4.2.26 - Pulled asset with path /samples/traveler-website/static/js/main.03f10734.chunk.js.map and id e98a0f9a-5754-4667-843a-84eee1cfeca0
[2020-04-17T11:20:10.119] [INFO] cli 4.2.26 - Pulled asset with path /samples/traveler-website/static/js/2.b5b27f33.chunk.js.LICENSE and id 7e038492-c1d5-43b8-8a11-ff5035f892e8
[2020-04-17T11:20:10.166] [INFO] cli 4.2.26 - Pulled asset with path /samples/traveler-website/static/js/main.03f10734.chunk.js and id ee4e1f23-3276-41ae-a9d3-583bccdcd5e2
[2020-04-17T11:20:10.223] [INFO] cli 4.2.26 - Pulled asset with path /samples/traveler-website/static/js/2.b5b27f33.chunk.js and id c761ed61-1a3c-4546-928e-341c46f31225
[2020-04-17T11:20:10.246] [INFO] cli 4.2.26 - Pulled asset with path /samples/traveler-website/static/css/main.43546d23.chunk.css and id 761870d2-5015-4f17-968d-a2feb4bfd1a1
[2020-04-17T11:20:10.351] [INFO] cli 4.2.26 - Pulled asset with path /samples/traveler-website/static/css/main.43546d23.chunk.css.map and id 3840a15b-c661-41dd-ba7d-8b4795515a79
[2020-04-17T11:20:10.387] [INFO] cli 4.2.26 - Pulled asset with path /samples/traveler-website/static/js/2.b5b27f33.chunk.js.map and id 2f9bbce0-fde3-4315-97ef-7cb3d1db83a5
[2020-04-17T11:20:10.420] [INFO] cli 4.2.26 - Pulled asset with path /samples/traveler-website/precache-manifest.a32dfd8d52d2b3a4945ad9a6200d74a3.js and id d185e193-20f9-4811-86e7-8716c069da7c
[2020-04-17T11:20:10.574] [INFO] cli 4.2.26 - Pulled asset with path /samples/traveler-website/static/js/main.e28426a0.chunk.js and id 69a7699b-7291-4714-bdd6-f942c90f89f2
[2020-04-17T11:20:10.612] [INFO] cli 4.2.26 - Pulled asset with path /samples/traveler-website/static/js/2.7b462c0f.chunk.js.LICENSE and id a03d1746-f7a3-43ea-bf95-1c9fa9b2e8c3
[2020-04-17T11:20:10.691] [INFO] cli 4.2.26 - Pulled asset with path /samples/traveler-website/static/js/main.e28426a0.chunk.js.map and id 30b38ffb-3a15-49a8-b0e7-8781b48c369e
[2020-04-17T11:20:10.709] [INFO] cli 4.2.26 - Pulled asset with path /samples/traveler-website/static/js/2.7b462c0f.chunk.js and id f6b1d7a1-40df-424a-ae1f-ce85a81e6d62
[2020-04-17T11:20:10.787] [INFO] cli 4.2.26 - Pulled asset with path /samples/traveler-website/static/css/main.14d33b69.chunk.css.map and id 8ea81d9b-3348-4191-9c9e-40084422d576
[2020-04-17T11:20:10.813] [INFO] cli 4.2.26 - Pulled asset with path /samples/traveler-website/static/css/main.14d33b69.chunk.css and id 5fb5a67b-aa57-4c89-9335-ea1f5cc67fed
[2020-04-17T11:20:10.859] [INFO] cli 4.2.26 - Pulled asset with path /samples/traveler-website/static/js/2.7b462c0f.chunk.js.map and id a70edb1e-0142-42c1-b45b-709f353ec077
[2020-04-17T11:20:10.892] [INFO] cli 4.2.26 - Pulled asset with path /samples/traveler-website/precache-manifest.8203be2096763c6d9b44a731d184d670.js and id 617e049f-30aa-4b1a-bbaf-4837993c1e1d
[2020-04-17T11:20:11.025] [INFO] cli 4.2.26 - Pulled asset with path /dxdam/fe/fe2bcf1d-9ddf-4d44-b076-f9c14bbc0eac/IconsRedSet_Share.png and id fe2bcf1d-9ddf-4d44-b076-f9c14bbc0eac
[2020-04-17T11:20:11.089] [INFO] cli 4.2.26 - Pulled asset with path /dxdam/f7/f797bb16-8880-4c83-87a3-429d4d62ff2c/IconsBlueSet_Research.png and id f797bb16-8880-4c83-87a3-429d4d62ff2c
[2020-04-17T11:20:11.104] [INFO] cli 4.2.26 - Pulled asset with path /dxdam/cb/cba478c7-f78d-4705-84c5-257190d12d03/IconsOrangeSet_Connection_Research.png and id cba478c7-f78d-4705-84c5-257190d12d03
[2020-04-17T11:20:11.206] [INFO] cli 4.2.26 - Pulled asset with path /dxdam/b8/b8d0032c-88c9-4ebd-b173-1d789e23fe0b/IconsRedSet_Location.png and id b8d0032c-88c9-4ebd-b173-1d789e23fe0b
[2020-04-17T11:20:11.221] [INFO] cli 4.2.26 - Pulled asset with path /dxdam/af/af3018f1-6dee-4d67-8a35-8302e90327d1/IconsRedSet_Health.png and id af3018f1-6dee-4d67-8a35-8302e90327d1
[2020-04-17T11:20:11.283] [INFO] cli 4.2.26 - Pulled asset with path /dxdam/33/3335dab7-9176-4d0d-8575-81e690726a61/IconsOrangeSet_Connection_Location.png and id 3335dab7-9176-4d0d-8575-81e690726a61
[2020-04-17T11:20:11.305] [INFO] cli 4.2.26 - Pulled asset with path /dxdam/a8/a89d8427-2af8-4036-b76f-c3bbd14867b4/IconsRedSet_News.png and id a89d8427-2af8-4036-b76f-c3bbd14867b4
[2020-04-17T11:20:11.338] [INFO] cli 4.2.26 - Pulled asset with path /dxdam/6f/6f8add84-5ed3-4abb-a332-88c1e4987434/IconsYellowSet_News.png and id 6f8add84-5ed3-4abb-a332-88c1e4987434
[2020-04-17T11:20:11.464] [INFO] cli 4.2.26 - Pulled asset with path /dxdam/a4/a4dafe03-a304-43e3-990c-294e4a76ca27/IconsRedSet_Research.png and id a4dafe03-a304-43e3-990c-294e4a76ca27
[2020-04-17T11:20:11.512] [INFO] cli 4.2.26 - Pulled asset with path /dxdam/3a/3a1d56d7-1826-46a6-9f2f-a1322c92a133/IconsPurpleSet_News.png and id 3a1d56d7-1826-46a6-9f2f-a1322c92a133
[2020-04-17T11:20:11.542] [INFO] cli 4.2.26 - Pulled asset with path /dxdam/4b/4b13d98f-ad92-434e-93fb-c18ad11abf27/IconsPurpleSet_Safety.png and id 4b13d98f-ad92-434e-93fb-c18ad11abf27
[2020-04-17T11:20:11.544] [INFO] cli 4.2.26 - Pulled asset with path /dxdam/1d/1d0e9d31-dd07-4422-9c4b-6fd55c381175/IconsYellowSet_Health.png and id 1d0e9d31-dd07-4422-9c4b-6fd55c381175
[2020-04-17T11:20:11.605] [INFO] cli 4.2.26 - Pulled asset with path /samples/traveler-website/static/js/main.ab404c36.chunk.js.map and id f920d03c-05a6-4a88-b6ec-1b4d1ef91fe2
[2020-04-17T11:20:11.729] [INFO] cli 4.2.26 - Pulled asset with path /samples/traveler-website/static/js/main.ab404c36.chunk.js and id b1c18207-0385-4bfe-88b9-fc6afb986b36
[2020-04-17T11:20:11.759] [INFO] cli 4.2.26 - Pulled asset with path /samples/traveler-website/precache-manifest.28235b6128cf4433814177d321848aa9.js and id 93f6fae0-056e-42ae-9fd9-c0d7a9600ff6
[2020-04-17T11:20:11.830] [INFO] cli 4.2.26 - Pulled asset with path /samples/traveler-website/static/js/main.8768deb0.chunk.js.map and id b703cc15-eead-4ffe-bf27-c1717b17ed11
[2020-04-17T11:20:11.894] [INFO] cli 4.2.26 - Pulled asset with path /samples/traveler-website/static/js/main.8768deb0.chunk.js and id 743cd385-54d5-4dcb-ba83-d94d5fc13ec5
[2020-04-17T11:20:11.973] [INFO] cli 4.2.26 - Pulled asset with path /samples/traveler-website/static/js/2.2b2e4415.chunk.js.LICENSE and id eff726a1-c9f3-4be7-8ead-f3e9bcb3a369
[2020-04-17T11:20:12.121] [INFO] cli 4.2.26 - Pulled asset with path /samples/traveler-website/static/js/2.2b2e4415.chunk.js.map and id 02c45d16-0283-425f-8552-aef006c55371
[2020-04-17T11:20:12.144] [INFO] cli 4.2.26 - Pulled asset with path /samples/traveler-website/static/css/main.748efcf2.chunk.css.map and id 786948f6-e3e9-44ba-a0e0-c8c9c526d6c3
[2020-04-17T11:20:12.173] [INFO] cli 4.2.26 - Pulled asset with path /samples/traveler-website/static/js/2.2b2e4415.chunk.js and id cfc0c2c1-c7b5-4497-aa3d-8be78fd6ccda
[2020-04-17T11:20:12.207] [INFO] cli 4.2.26 - Pulled asset with path /samples/traveler-website/precache-manifest.8789fa3760f94769b63fb398d4ec6683.js and id 95d22b57-c3d8-4682-a1ea-f31bace45363
[2020-04-17T11:20:12.228] [INFO] cli 4.2.26 - Pulled asset with path /samples/traveler-website/static/css/main.748efcf2.chunk.css and id decc27a2-8f5d-42c0-a1f3-0b9c949883a1
[2020-04-17T11:20:12.443] [INFO] cli 4.2.26 - Pulled asset with path /samples/traveler-website/precache-manifest.ca61d209a53a59e075588fc56d98c912.js and id d7638692-9d7a-42c2-be57-57b9433be822
[2020-04-17T11:20:12.472] [INFO] cli 4.2.26 - Pulled asset with path /samples/traveler-website/static/js/main.880e908f.chunk.js.map and id b9a72ffd-133a-4f3f-9504-8f949775f297
[2020-04-17T11:20:12.489] [INFO] cli 4.2.26 - Pulled asset with path /samples/traveler-website/static/js/main.880e908f.chunk.js and id b4d28fef-7e1b-4ff4-9149-55e682b31874
[2020-04-17T11:20:12.535] [INFO] cli 4.2.26 - Pulled asset with path /samples/traveler-website/static/css/main.a9fa7916.chunk.css.map and id 4d430488-f0e3-4c09-a0db-62b91512444a
[2020-04-17T11:20:12.540] [INFO] cli 4.2.26 - Pulled asset with path /samples/traveler-website/static/css/main.a9fa7916.chunk.css and id 57b3304e-0c35-42b6-84cf-a17252152390
[2020-04-17T11:20:12.706] [INFO] cli 4.2.26 - Pulled asset with path /samples/traveler-website/precache-manifest.fd7a2868c3b2a724776d8ee71989ffd0.js and id 6009eb02-7a77-4b32-995a-f276eb6fe08a
[2020-04-17T11:20:12.722] [INFO] cli 4.2.26 - Pulled asset with path /samples/traveler-website/static/css/main.84e47442.chunk.css and id b2e9a16a-d0fe-4228-bbcc-4365c709fbe2
[2020-04-17T11:20:12.808] [INFO] cli 4.2.26 - Pulled asset with path /samples/traveler-website/static/js/main.e32d46b0.chunk.js.map and id a51a607f-6904-48a8-8210-cffc38ecf9bd
[2020-04-17T11:20:12.826] [INFO] cli 4.2.26 - Pulled asset with path /samples/traveler-website/static/css/main.84e47442.chunk.css.map and id 0d7d8115-63e2-4565-831b-b052e7b37003
[2020-04-17T11:20:12.980] [INFO] cli 4.2.26 - Pulled asset with path /samples/traveler-website/static/js/main.e32d46b0.chunk.js and id f89c3177-6699-4a4a-a58e-3a82b53e0324
[2020-04-17T11:20:13.019] [INFO] cli 4.2.26 - Pulled asset with path /samples/traveler-website/static/js/2.5affcd69.chunk.js.LICENSE and id a1ca9a3c-bd07-4132-84f8-a316c20e99ef
[2020-04-17T11:20:13.067] [INFO] cli 4.2.26 - Pulled asset with path /samples/traveler-website/precache-manifest.71b3d1b4593ad7984136200c58b232d1.js and id 49066d78-e355-451e-a5b9-4d56344287fb
[2020-04-17T11:20:13.131] [INFO] cli 4.2.26 - Pulled asset with path /samples/traveler-website/static/js/2.5affcd69.chunk.js.map and id 784dc235-46d5-4988-8beb-ba5ac14179da
[2020-04-17T11:20:13.171] [INFO] cli 4.2.26 - Pulled asset with path /samples/traveler-website/static/js/2.5affcd69.chunk.js and id 5ee76bfb-5119-4415-a51c-db2234410d1c
[2020-04-17T11:20:13.307] [INFO] cli 4.2.26 - Pulled asset with path /samples/traveler-website/static/js/runtime-main.65027afb.js.map and id b2f0fd14-306f-4ecb-97b0-f61269555172
[2020-04-17T11:20:13.337] [INFO] cli 4.2.26 - Pulled asset with path /samples/traveler-website/static/js/runtime-main.65027afb.js and id 631419c9-6493-44f5-9df7-3d22a425fc72
[2020-04-17T11:20:13.380] [INFO] cli 4.2.26 - Pulled asset with path /samples/traveler-website/static/js/main.5d21d8a5.chunk.js.map and id 97b66a3f-2928-4467-8477-01213008fbe9
[2020-04-17T11:20:13.495] [INFO] cli 4.2.26 - Pulled asset with path /samples/traveler-website/static/js/main.5d21d8a5.chunk.js and id 505a90d6-aab1-4492-8084-943a7f5210bd
[2020-04-17T11:20:13.583] [INFO] cli 4.2.26 - Pulled asset with path /samples/traveler-website/static/css/main.ed875c79.chunk.css.map and id b99d321b-74cf-42bc-84c9-31ed33b35bd9
[2020-04-17T11:20:13.596] [INFO] cli 4.2.26 - Pulled asset with path /samples/traveler-website/static/js/2.2bf66700.chunk.js.LICENSE and id 6bf61e1d-0154-49dd-b113-1fcbc34d7756
[2020-04-17T11:20:13.644] [INFO] cli 4.2.26 - Pulled asset with path /samples/traveler-website/static/js/2.2bf66700.chunk.js and id d3ae0332-29c3-47b4-8196-ea8ad68644e5
[2020-04-17T11:20:13.705] [INFO] cli 4.2.26 - Pulled asset with path /samples/traveler-website/static/css/main.ed875c79.chunk.css and id 6aa7f67e-d7ad-4ade-9898-89e86e824337
[2020-04-17T11:20:13.786] [INFO] cli 4.2.26 - Pulled asset with path /samples/traveler-website/static/js/2.2bf66700.chunk.js.map and id f920482d-bf89-4127-ad56-8122016634ac
[2020-04-17T11:20:13.823] [INFO] cli 4.2.26 - Pulled asset with path /samples/traveler-website/static/css/main.71e0b1da.chunk.css and id dddc0ce2-e6fb-42ab-a349-8e607330186a
[2020-04-17T11:20:13.865] [INFO] cli 4.2.26 - Pulled asset with path /samples/traveler-website/precache-manifest.9afbd7d38865c1073a11824b36e78ac7.js and id 0de2171e-4dbe-405e-a6dd-d3d230857200
[2020-04-17T11:20:13.950] [INFO] cli 4.2.26 - Pulled asset with path /samples/traveler-website/static/css/main.71e0b1da.chunk.css.map and id d6970a83-461f-4800-b868-48e16acb3865
[2020-04-17T11:20:14.028] [INFO] cli 4.2.26 - Pulled asset with path /samples/traveler-website/static/js/main.ed91de6b.chunk.js and id 7b198258-8159-437f-84f8-94325f547f27
[2020-04-17T11:20:14.093] [INFO] cli 4.2.26 - Pulled asset with path /samples/traveler-website/static/js/main.ed91de6b.chunk.js.map and id d32930b5-c61e-41d0-a1c2-626a5c9648d9
[2020-04-17T11:20:14.100] [INFO] cli 4.2.26 - Pulled asset with path /samples/traveler-website/static/js/2.abc13809.chunk.js.LICENSE and id 2248adbc-7477-4e1f-98de-f25b0b9444b8
[2020-04-17T11:20:14.245] [INFO] cli 4.2.26 - Pulled asset with path /samples/traveler-website/static/js/2.abc13809.chunk.js and id 03f0e615-3962-493f-97da-c134ad25082c
[2020-04-17T11:20:14.258] [INFO] cli 4.2.26 - Pulled asset with path /samples/traveler-website/precache-manifest.85472eb68cd4f17fa42ec18da5ec6dde.js and id e62b63dc-25c4-49af-9052-c98ae6a50a56
[2020-04-17T11:20:14.319] [INFO] cli 4.2.26 - Pulled asset with path /samples/traveler-website/static/js/2.abc13809.chunk.js.map and id d22ef33b-25fa-4022-bf23-510d260a1cf7
[2020-04-17T11:20:14.340] [INFO] cli 4.2.26 - Pulled asset with path /samples/traveler-website/static/css/main.f7275aa5.chunk.css and id 6692ddd9-24ba-4194-8ee2-9e2841de726d
[2020-04-17T11:20:14.365] [INFO] cli 4.2.26 - Pulled asset with path /samples/traveler-website/static/css/main.f7275aa5.chunk.css.map and id 0a6f1c00-2c02-455d-916f-2b97aed9b4c2
[2020-04-17T11:20:14.519] [INFO] cli 4.2.26 - Pulled asset with path /samples/traveler-website/precache-manifest.d085a108a4ae05fca2691ba7e10e8386.js and id 0665f654-7105-4d94-8d1e-8e1aacbf4f9f
[2020-04-17T11:20:14.552] [INFO] cli 4.2.26 - Pulled asset with path /samples/traveler-website/static/js/main.0afecbdd.chunk.js.map and id 6f60fbcb-c0ec-471c-adf6-fd1754c7b7fa
[2020-04-17T11:20:14.599] [INFO] cli 4.2.26 - Pulled asset with path /samples/traveler-website/static/js/main.0afecbdd.chunk.js and id 7563525b-e4b8-422f-a698-3a2396c502e2
[2020-04-17T11:20:14.636] [INFO] cli 4.2.26 - Pulled asset with path /samples/traveler-website/static/js/main.f102e1c2.chunk.js and id 05a0b8eb-aaf5-4118-b8ac-629b4bdb8fe4
[2020-04-17T11:20:14.658] [INFO] cli 4.2.26 - Pulled asset with path /samples/traveler-website/precache-manifest.79eb9c379dce6e37b249d1d244b3fef3.js and id ef1f2911-6421-46de-b2ee-50861733cfd8
[2020-04-17T11:20:14.777] [INFO] cli 4.2.26 - Pulled asset with path /samples/traveler-website/static/js/main.f102e1c2.chunk.js.map and id 2f45c703-4266-4fce-9a32-137a79a35ce7
[2020-04-17T11:20:14.785] [INFO] cli 4.2.26 - Pulled asset with path /samples/traveler-website/precache-manifest.43326c61b5490b35f902f1206d05e8c6.js and id b1609635-7cfb-46ae-a28c-e86ec21a0506
[2020-04-17T11:20:14.881] [INFO] cli 4.2.26 - Pulled asset with path /samples/traveler-website/precache-manifest.1a74380f70cedba7245d3ca495547f20.js and id 25300f8b-e45a-4e4c-8c7f-65bd41ce6d96
[2020-04-17T11:20:14.907] [INFO] cli 4.2.26 - Pulled asset with path /samples/traveler-website/static/js/main.493b7470.chunk.js.map and id a999b89b-5677-4312-9b91-26cb6b2e747d
[2020-04-17T11:20:15.098] [INFO] cli 4.2.26 - Pulled asset with path /samples/traveler-website/static/js/main.493b7470.chunk.js and id 26d737b0-7e90-4656-9bc8-2191ea1aca36
[2020-04-17T11:20:15.128] [INFO] cli 4.2.26 - Pulled asset with path /samples/traveler-website/static/js/main.776ac124.chunk.js and id 51586473-5736-4884-8dbd-0557b6d7c5f0
[2020-04-17T11:20:15.163] [INFO] cli 4.2.26 - Pulled asset with path /samples/traveler-website/static/js/main.776ac124.chunk.js.map and id 85b867ee-5c0e-4636-a842-1979b2cf4f03
[2020-04-17T11:20:15.209] [INFO] cli 4.2.26 - Pulled asset with path /samples/traveler-website/precache-manifest.cfae25f6c32b50d052daa45ca9519457.js and id dfaadb32-2e51-449c-9742-1b598429affe
[2020-04-17T11:20:15.287] [INFO] cli 4.2.26 - Pulled asset with path /samples/traveler-website/static/js/main.d4b1c8bd.chunk.js and id be3a2b24-1250-49b7-9a0b-8c91d68ffbdf
[2020-04-17T11:20:15.412] [INFO] cli 4.2.26 - Pulled asset with path /samples/traveler-website/static/js/main.d4b1c8bd.chunk.js.map and id f8c26e99-2409-4455-b4dc-7839a8dfdac2
[2020-04-17T11:20:15.446] [INFO] cli 4.2.26 - Pulled asset with path /samples/traveler-website/precache-manifest.1a1f926942eac19569ffeac94a56bcd2.js and id 2ac4f0de-e9b9-40a6-92b9-77aa4fc92e43
[2020-04-17T11:20:15.476] [INFO] cli 4.2.26 - Pulled asset with path /samples/traveler-website/static/js/main.9073a5ec.chunk.js and id bad8927f-2978-4079-a5de-143457ab14c1
[2020-04-17T11:20:15.532] [INFO] cli 4.2.26 - Pulled asset with path /samples/traveler-website/precache-manifest.88f446fd301ae8f3d06cdee85fa33b7b.js and id 654498bc-35a5-43dd-b9f9-991d1b43a8cc
[2020-04-17T11:20:15.544] [INFO] cli 4.2.26 - Pulled asset with path /samples/traveler-website/static/js/main.9073a5ec.chunk.js.map and id f3bf560b-c9a2-4220-b637-fb472a2dbf13
[2020-04-17T11:20:15.733] [INFO] cli 4.2.26 - Pulled asset with path /samples/traveler-website/static/js/main.90caa7f5.chunk.js.map and id 98a31f01-d484-41d1-94be-f805df09100b
[2020-04-17T11:20:15.750] [INFO] cli 4.2.26 - Pulled asset with path /samples/traveler-website/precache-manifest.275f71d405d7efd76fb506d638cf5f1f.js and id eb982b1d-2190-4601-9673-59a840fb33a8
[2020-04-17T11:20:15.769] [INFO] cli 4.2.26 - Pulled asset with path /samples/traveler-website/static/js/main.525552b6.chunk.js and id 8ac8d237-bff7-4dc1-b2af-4b9bf11d5992
[2020-04-17T11:20:15.827] [INFO] cli 4.2.26 - Pulled asset with path /samples/traveler-website/static/js/main.90caa7f5.chunk.js and id 6cc5f1cf-ccf1-4f08-adee-772affebc339
[2020-04-17T11:20:15.963] [INFO] cli 4.2.26 - Pulled asset with path /samples/traveler-website/precache-manifest.187cd6222bb35a3b6212ae6a8611eb58.js and id 1ba7a58a-ee31-4549-8426-8c04615e0edb
[2020-04-17T11:20:15.993] [INFO] cli 4.2.26 - Pulled asset with path /samples/traveler-website/static/js/main.525552b6.chunk.js.map and id 38c719b1-d8d0-4b74-9bd9-520943b77f90
[2020-04-17T11:20:16.057] [INFO] cli 4.2.26 - Pulled asset with path /samples/traveler-website/precache-manifest.0516ec9a7428c15322377901ccc9c241.js and id 12098ce5-6a07-44be-8ac9-0c7ca1ae9989
[2020-04-17T11:20:16.088] [INFO] cli 4.2.26 - Pulled asset with path /samples/traveler-website/static/js/main.83d7cbb7.chunk.js.map and id eb0249c3-af09-4883-b35d-ff35ae29fff6
[2020-04-17T11:20:16.123] [INFO] cli 4.2.26 - Pulled asset with path /samples/traveler-website/static/js/main.83d7cbb7.chunk.js and id 3bdc4688-ca48-4e58-90ec-e9b44afa7e0a
[2020-04-17T11:20:16.231] [INFO] cli 4.2.26 - Pulled asset with path /samples/traveler-website/static/js/main.faf0a4ef.chunk.js and id 64f193de-399b-4717-b3b0-390cfc8dc093
[2020-04-17T11:20:16.294] [INFO] cli 4.2.26 - Pulled asset with path /samples/traveler-website/static/js/main.faf0a4ef.chunk.js.map and id b7207128-b789-403c-a28b-12d9355cd112
[2020-04-17T11:20:16.334] [INFO] cli 4.2.26 - Pulled asset with path /samples/traveler-website/precache-manifest.a4a1d2efd74e43ddd16186c8546b7e99.js and id a1e866aa-fdf4-42b2-8e08-c6b63c404471
[2020-04-17T11:20:16.368] [INFO] cli 4.2.26 - Pulled asset with path /samples/traveler-website/static/js/main.3ef6a43e.chunk.js and id 8a29141d-bf32-4bec-b3d3-261af3c3e3eb
[2020-04-17T11:20:16.401] [INFO] cli 4.2.26 - Pulled asset with path /samples/traveler-website/static/js/main.3ef6a43e.chunk.js.map and id 23ae1598-95e2-4041-9241-5789a526ceee
[2020-04-17T11:20:16.554] [INFO] cli 4.2.26 - Pulled asset with path /samples/traveler-website/precache-manifest.d94f557b4672981760ba3308bc6a869a.js and id 08ff3a9d-2827-4fd6-a2ae-12d827cb1194
[2020-04-17T11:20:16.567] [INFO] cli 4.2.26 - Pulled asset with path /samples/traveler-website/static/js/main.df75b41e.chunk.js and id f0ae2f72-0614-4a4e-be3d-45ee622a7fd6
[2020-04-17T11:20:16.652] [INFO] cli 4.2.26 - Pulled asset with path /samples/traveler-website/static/js/main.df75b41e.chunk.js.map and id a67289e5-3a23-4c69-89ec-1d2e492c25c0
[2020-04-17T11:20:16.668] [INFO] cli 4.2.26 - Pulled asset with path /samples/traveler-website/precache-manifest.915669ca6eb32f7a6edf90d2bf4b2c2f.js and id 3e8fe199-886c-41d5-9221-f6abc5b8d196
[2020-04-17T11:20:16.688] [INFO] cli 4.2.26 - Pulled asset with path /samples/traveler-website/static/js/main.53483e86.chunk.js.map and id 7536a035-97d8-41cb-ad74-83bc4e83fcff
[2020-04-17T11:20:16.820] [INFO] cli 4.2.26 - Pulled asset with path /samples/traveler-website/static/js/main.53483e86.chunk.js and id 3bcbb604-c69a-4664-9633-6a5789b1cbb3
[2020-04-17T11:20:16.847] [INFO] cli 4.2.26 - Pulled asset with path /samples/traveler-website/precache-manifest.9db67e39f39b2777916c12fc38265a5b.js and id 45794d78-b3bb-44f0-a659-53b993e876b0
[2020-04-17T11:20:16.903] [INFO] cli 4.2.26 - Pulled asset with path /samples/traveler-website/precache-manifest.fb7b11e20d50f4359a3dab3ed417b588.js and id 2e53e7f7-653e-46f2-8118-4ef1d00d44df
[2020-04-17T11:20:16.930] [INFO] cli 4.2.26 - Pulled asset with path /samples/traveler-website/static/js/main.69be1dc8.chunk.js.map and id e23b1862-d53a-4781-bf8d-9cb853c9d64a
[2020-04-17T11:20:16.941] [INFO] cli 4.2.26 - Pulled asset with path /samples/traveler-website/static/js/main.69be1dc8.chunk.js and id 7d71d0cb-2b02-44f1-a3f4-54cfce814f54
[2020-04-17T11:20:17.097] [INFO] cli 4.2.26 - Pulled asset with path /samples/traveler-website/static/js/main.8d80efed.chunk.js.map and id e9ff1537-5381-4bf2-a009-b97fe1f2e83b
[2020-04-17T11:20:17.256] [INFO] cli 4.2.26 - Pulled asset with path /samples/traveler-website/static/js/2.c9bf1c9b.chunk.js.LICENSE and id 6cc08fa4-1aca-41cc-9d1b-601f217a7dc7
[2020-04-17T11:20:17.283] [INFO] cli 4.2.26 - Pulled asset with path /samples/traveler-website/static/js/2.c9bf1c9b.chunk.js and id 93094668-9c0c-45c6-ade0-3d7655724ac3
[2020-04-17T11:20:17.308] [INFO] cli 4.2.26 - Pulled asset with path /samples/traveler-website/static/js/main.8d80efed.chunk.js and id a79f2964-b726-48b4-aec3-c576c320e1e4
[2020-04-17T11:20:17.347] [INFO] cli 4.2.26 - Pulled asset with path /samples/traveler-website/precache-manifest.22d7724890ff1dc009dd0d436f3a1c12.js and id 5919fb9e-4ed5-43f3-aa4e-92de264cf3d6
[2020-04-17T11:20:17.512] [INFO] cli 4.2.26 - Pulled asset with path /samples/traveler-website/static/js/2.c9bf1c9b.chunk.js.map and id cdc6c2eb-efa5-485f-b0c9-3e01fe3cdf21
[2020-04-17T11:20:17.555] [INFO] cli 4.2.26 - Pulled asset with path /samples/traveler-website/static/js/main.ab9af884.chunk.js.map and id b19872fc-1563-4dd3-a618-dd4a713a7353
[2020-04-17T11:20:17.628] [INFO] cli 4.2.26 - Pulled asset with path /samples/traveler-website/static/js/main.ab9af884.chunk.js and id 081092ff-85ec-4c2d-a139-86d9bc16a7e7
[2020-04-17T11:20:18.034] [INFO] cli 4.2.26 - Pulled asset with path /samples/traveler-website/precache-manifest.4302386856d7d76155f08ba2edbc7a1e.js and id 18597775-a9ee-4027-b1d1-b92b97995f82
[2020-04-17T11:20:18.147] [INFO] cli 4.2.26 - Pulled asset with path /samples/traveler-website/static/js/main.8bcc1902.chunk.js and id 2642c763-7c10-4607-ad07-b6fb46d7e15d
[2020-04-17T11:20:18.174] [INFO] cli 4.2.26 - Pulled asset with path /samples/traveler-website/precache-manifest.3f85436c630749692011edf036ab1085.js and id a9f35419-45da-49ef-a401-e28e9147dfbb
[2020-04-17T11:20:18.373] [INFO] cli 4.2.26 - Pulled asset with path /samples/traveler-website/static/js/main.8bcc1902.chunk.js.map and id 30f0156c-e69e-4c16-8f9a-cbe55b8f62e3
[2020-04-17T11:20:18.395] [INFO] cli 4.2.26 - Pulled asset with path /samples/traveler-website/static/js/main.dc9b9717.chunk.js.map and id 32847d57-f479-422d-90a3-34d9f8be34e5
[2020-04-17T11:20:18.405] [INFO] cli 4.2.26 - Pulled asset with path /samples/traveler-website/precache-manifest.1474d98748df6c7c572107c3fe087ac4.js and id 6c998ecd-da59-402a-b595-421764f2c888
[2020-04-17T11:20:18.543] [INFO] cli 4.2.26 - Pulled asset with path /samples/traveler-website/static/js/main.dc9b9717.chunk.js and id 9bfc3ea4-5194-4ea5-a4cf-6ab566bb32b3
[2020-04-17T11:20:18.594] [INFO] cli 4.2.26 - Pulled asset with path /samples/traveler-website/static/js/main.a5dde1b7.chunk.js and id 65bc9245-e0ce-4803-814e-c5607b67ebc0
[2020-04-17T11:20:18.629] [INFO] cli 4.2.26 - Pulled asset with path /samples/traveler-website/static/js/main.a5dde1b7.chunk.js.map and id 4d634efd-9dd7-4517-b8df-72365352c705
[2020-04-17T11:20:18.638] [INFO] cli 4.2.26 - Pulled asset with path /samples/traveler-website/precache-manifest.7bb87815c1f8d4890b8698bc8bb6c3af.js and id c7d1f243-5435-442b-85b8-6c4a309e08de
[2020-04-17T11:20:18.652] [INFO] cli 4.2.26 - Pulled asset with path /dxauth/ui-extension-colorpicker/index.html and id 739b9968-ba2f-41bc-9eff-af84b7215bad
[2020-04-17T11:20:18.871] [INFO] cli 4.2.26 - Pulled asset with path /dxauth/ui-extension-colorpicker/ibm-wch-ui-extensions.js and id e9a67ff2-b4c0-4171-a920-00c5acdbef74
[2020-04-17T11:20:18.917] [INFO] cli 4.2.26 - Pulled asset with path /samples/traveler-website/static/js/main.ee43952b.chunk.js.map and id b49f89b0-fafc-47f1-a352-f7abec2c900e
[2020-04-17T11:20:19.003] [INFO] cli 4.2.26 - Pulled asset with path /samples/traveler-website/static/js/2.65bf1f9b.chunk.js and id 330a5d5c-d295-4e53-97f7-00da79a2d697
[2020-04-17T11:20:19.107] [INFO] cli 4.2.26 - Pulled asset with path /samples/traveler-website/static/js/main.ee43952b.chunk.js and id 4de7b3be-1884-4b7f-bc56-b0f84396821a
[2020-04-17T11:20:19.132] [INFO] cli 4.2.26 - Pulled asset with path /samples/traveler-website/static/css/main.b9e8eb6e.chunk.css.map and id b08476ba-daf0-4dca-b6ec-5876f314501a
[2020-04-17T11:20:19.159] [INFO] cli 4.2.26 - Pulled asset with path /samples/traveler-website/static/js/2.65bf1f9b.chunk.js.LICENSE and id 75c641d3-e3c9-47e4-b8e3-76916b92f4b8
[2020-04-17T11:20:19.285] [INFO] cli 4.2.26 - Pulled asset with path /samples/traveler-website/static/css/main.b9e8eb6e.chunk.css and id 2e6bae79-d3ca-41aa-9ac2-37fabfcf5abd
[2020-04-17T11:20:19.332] [INFO] cli 4.2.26 - Pulled asset with path /samples/traveler-website/static/js/2.65bf1f9b.chunk.js.map and id 0e48c221-1e16-4be4-9066-8cc1d8f4c4e5
[2020-04-17T11:20:19.397] [INFO] cli 4.2.26 - Pulled asset with path /samples/traveler-website/static/css/2.1cc9201e.chunk.css and id 6f0ec69c-9b8e-4aae-aa80-5faf33452ce1
[2020-04-17T11:20:19.405] [INFO] cli 4.2.26 - Pulled asset with path /samples/traveler-website/static/css/2.1cc9201e.chunk.css.map and id c249410d-b04b-48db-a62d-82ae1ccb37ff
[2020-04-17T11:20:19.488] [INFO] cli 4.2.26 - Pulled asset with path /samples/traveler-website/precache-manifest.8b5d5d36e25ad3b1cf1bbd06bf09ed99.js and id db217516-468d-45d5-85c6-3a02cc365c12
[2020-04-17T11:20:20.896] [INFO] cli 4.2.26 - Pulled resource with path /91/9162ac5b-f67d-48ef-8348-98482080d60d/hand_sanitizer_sample.jpg and id 9162ac5b-f67d-48ef-8348-98482080d60d
[2020-04-17T11:20:21.611] [INFO] cli 4.2.26 - Pulled resource with path /44/44920663-ef91-4c7b-add7-65d6ddc037a6/InstrumentalBank_LogoText_Sample.png and id 44920663-ef91-4c7b-add7-65d6ddc037a6
[2020-04-17T11:20:21.799] [INFO] cli 4.2.26 - Pulled resource with path /93/935f6762-4e14-4859-a90c-e7fdf6d6607d/favicon-32x32.png and id 935f6762-4e14-4859-a90c-e7fdf6d6607d
[2020-04-17T11:20:21.946] [INFO] cli 4.2.26 - Pulled resource with path /b3/b331f87f-321c-474b-9489-89ddce580b58/NYCBanner.png and id b331f87f-321c-474b-9489-89ddce580b58
[2020-04-17T11:20:22.129] [INFO] cli 4.2.26 - Pulled resource with path /9a/9ae78e3d-19a1-4747-8f3b-e8ed50dad81e/A%20note%20to%20our%20community%20_%20Acoustic.pdf and id 9ae78e3d-19a1-4747-8f3b-e8ed50dad81e
[2020-04-17T11:20:22.820] [INFO] cli 4.2.26 - Pulled resource with path /5e/5eea2713-da34-40e5-a5cf-64f05c23c66a/5361811_3997866.pdf and id 5eea2713-da34-40e5-a5cf-64f05c23c66a
[2020-04-17T11:20:23.313] [INFO] cli 4.2.26 - Pulled resource with path /1f/1f03088b-cc45-44e9-839b-91a8730e6c14/buildingsbanner.jpg and id 1f03088b-cc45-44e9-839b-91a8730e6c14
[2020-04-17T11:20:24.109] [INFO] cli 4.2.26 - Pulled resource with path /ce/ce8724ac-49a5-4f37-b6d6-8654a8baf48a/IconsBlueSet_Share.png and id ce8724ac-49a5-4f37-b6d6-8654a8baf48a
[2020-04-17T11:20:24.151] [INFO] cli 4.2.26 - Pulled resource with path /1c/1c82e856-9777-44e1-a507-2df200123689/Covid19_Content_BlueSet_Location.png and id 1c82e856-9777-44e1-a507-2df200123689
[2020-04-17T11:20:24.183] [INFO] cli 4.2.26 - Pulled resource with path /73/730f7897-631c-4971-b2a6-d69ede3422a7/Acoustic-White.png and id 730f7897-631c-4971-b2a6-d69ede3422a7
[2020-04-17T11:20:24.302] [INFO] cli 4.2.26 - Pulled resource with path /d8/d8c4f209-3301-4072-afcd-f30441c3d347/IconsBlueSet_News.png and id d8c4f209-3301-4072-afcd-f30441c3d347
[2020-04-17T11:20:25.121] [INFO] cli 4.2.26 - Pulled resource with path /14/1478c27b-c21b-488b-9563-c27fa01425dc/1046403217.mp4 and id 1478c27b-c21b-488b-9563-c27fa01425dc
[2020-04-17T11:20:25.987] [INFO] cli 4.2.26 - Pulled resource with path /8a/8a93dd6b-3260-4225-b7ae-9f2ac39ea366/Kenya-Country-Image.png and id 8a93dd6b-3260-4225-b7ae-9f2ac39ea366
[2020-04-17T11:20:26.116] [INFO] cli 4.2.26 - Pulled resource with path /6d/6d5f20a5-5852-4b65-8e67-27b8b3f2ea7a/Kenya-Lead-Image.png and id 6d5f20a5-5852-4b65-8e67-27b8b3f2ea7a
[2020-04-17T11:20:26.476] [INFO] cli 4.2.26 - Pulled resource with path /b9/b94e411f-0ce5-455b-b379-48ab591dd874/Italy-Gallery.png and id b94e411f-0ce5-455b-b379-48ab591dd874
[2020-04-17T11:20:26.635] [INFO] cli 4.2.26 - Pulled resource with path /a6/a6546c5b-be34-4092-b842-9fa914e529bf/Canada-Country-Image.png and id a6546c5b-be34-4092-b842-9fa914e529bf
[2020-04-17T11:20:26.838] [INFO] cli 4.2.26 - Pulled resource with path /e3/e328e3a0-2c9c-4cfc-8969-2513cbde15f4/image.png and id e328e3a0-2c9c-4cfc-8969-2513cbde15f4
[2020-04-17T11:20:26.973] [INFO] cli 4.2.26 - Pulled resource with path /7a/7ac89d4e-df37-4a57-9111-37b4bebbbf26/Traveler%20Logo.SVG and id 7ac89d4e-df37-4a57-9111-37b4bebbbf26
[2020-04-17T11:20:27.051] [INFO] cli 4.2.26 - Pulled resource with path /ba/baec2bf4-750b-4531-991e-82ec67032418/Kenya-Gallery.png and id baec2bf4-750b-4531-991e-82ec67032418
[2020-04-17T11:20:27.217] [INFO] cli 4.2.26 - Pulled resource with path /09/09884b0e-a98d-4614-aebf-5388563c8edf/Canada-Gallery.png and id 09884b0e-a98d-4614-aebf-5388563c8edf
[2020-04-17T11:20:27.257] [INFO] cli 4.2.26 - Pulled resource with path /87/87b4a593-81f7-47fd-b7bf-b77b92708d92/Vector.svg and id 87b4a593-81f7-47fd-b7bf-b77b92708d92
[2020-04-17T11:20:27.461] [INFO] cli 4.2.26 - Pulled resource with path /de/de23909a-f437-4675-b13a-e054dbf07a5b/Combined%20Shape.svg and id de23909a-f437-4675-b13a-e054dbf07a5b
[2020-04-17T11:20:27.634] [INFO] cli 4.2.26 - Pulled resource with path /cd/cde8a9a1-0019-45bb-a88d-96a90e0e0d0f/quino-al-8gWEAAXJjtI-unsplash.jpg and id cde8a9a1-0019-45bb-a88d-96a90e0e0d0f
[2020-04-17T11:20:27.734] [INFO] cli 4.2.26 - Pulled resource with path /1a/1a331db2-1db5-476b-a198-15fea1d62021/image.png and id 1a331db2-1db5-476b-a198-15fea1d62021
[2020-04-17T11:20:27.746] [INFO] cli 4.2.26 - Pulled resource with path /d0/d05c6a76-819a-4b94-98b4-d7b40334c904/South-Africa-Country-Image.png and id d05c6a76-819a-4b94-98b4-d7b40334c904
[2020-04-17T11:20:27.749] [INFO] cli 4.2.26 - ========== Pulling renditions ===========
[2020-04-17T11:20:27.874] [INFO] cli 4.2.26 - ========== Pulling content types ===========
[2020-04-17T11:20:27.987] [INFO] cli 4.2.26 - Pulled content type with path /LinkedIn.json and id 9d511325-3063-48af-8e15-753cc402bbd2
[2020-04-17T11:20:27.989] [INFO] cli 4.2.26 - Pulled content type with path /Pintrest.json and id 457e97ef-3fdc-4281-868d-b7382b286b19
[2020-04-17T11:20:27.992] [INFO] cli 4.2.26 - Pulled content type with path /Medium.json and id 3544c726-68bf-47f7-95e2-b4733d4a9ae5
[2020-04-17T11:20:27.995] [INFO] cli 4.2.26 - Pulled content type with path /Snapchat.json and id 7aa9d5ec-632a-48d2-9d06-04951cf599e6
[2020-04-17T11:20:28.000] [INFO] cli 4.2.26 - Pulled content type with path /Tumblr.json and id 88783c10-7050-4af7-b072-71fe42ccf56f
[2020-04-17T11:20:28.004] [INFO] cli 4.2.26 - Pulled content type with path /Yelp.json and id f5da0602-c0de-4186-b98f-4c4ebce11f32
[2020-04-17T11:20:28.008] [INFO] cli 4.2.26 - Pulled content type with path /YouTube.json and id 1ddf8b42-f1b3-43bd-9b56-41256c31fd3f
[2020-04-17T11:20:28.011] [INFO] cli 4.2.26 - Pulled content type with path /Custom-Social-Channel.json and id 013e3bab-f6b3-4f8c-9630-3f43a885c0de
[2020-04-17T11:20:28.014] [INFO] cli 4.2.26 - Pulled content type with path /Facebook.json and id d83bcaa9-e3b5-4944-9f1a-c2f1dbb72604
[2020-04-17T11:20:28.018] [INFO] cli 4.2.26 - Pulled content type with path /Instagram.json and id 170596b8-828d-4321-93a8-bf606b9f9456
[2020-04-17T11:20:28.021] [INFO] cli 4.2.26 - Pulled content type with path /Twitter.json and id 526ab219-de68-4f1d-8b66-5007ffaafe74
[2020-04-17T11:20:28.028] [INFO] cli 4.2.26 - Pulled content type with path /Resource.json and id c022bb52-919e-4c3c-ab92-119914ed70c6
[2020-04-17T11:20:28.032] [INFO] cli 4.2.26 - Pulled content type with path /Banner.json and id fd795aaa-be67-47d2-89d8-d019280cf18c
[2020-04-17T11:20:28.035] [INFO] cli 4.2.26 - Pulled content type with path /Company-Statement.json and id 60acca58-56cd-47f5-9f82-6a8563993571
[2020-04-17T11:20:28.038] [INFO] cli 4.2.26 - Pulled content type with path /Company-Information.json and id 44391995-a017-4946-b6dd-98509014c8ec
[2020-04-17T11:20:28.043] [INFO] cli 4.2.26 - Pulled content type with path /Style-Guide.json and id f6a9e593-895d-4738-9618-9b611177e2f6
[2020-04-17T11:20:28.050] [INFO] cli 4.2.26 - Pulled content type with path /COVID-Update.json and id 14b10af1-f907-43eb-8acd-504761b38097
[2020-04-17T11:20:28.054] [INFO] cli 4.2.26 - Pulled content type with path /FAQ-Item.json and id d8dae096-118a-49e3-8321-cbbb7482f8f7
[2020-04-17T11:20:28.055] [INFO] cli 4.2.26 - ========== Pulling default content ===========
[2020-04-17T11:20:28.181] [INFO] cli 4.2.26 - Pulled default content with name Company Information and id 95a2175a-c971-4bc0-8a2c-040f0e219cd2
[2020-04-17T11:20:28.183] [INFO] cli 4.2.26 - Pulled default content with name Facebook and id e41bdcf2-2302-46e4-9e09-56c4d4f86716
[2020-04-17T11:20:28.187] [INFO] cli 4.2.26 - Pulled default content with name Facebook and id 830a2ceb-cc40-418b-a5d2-4f915ceed437
[2020-04-17T11:20:28.190] [INFO] cli 4.2.26 - Pulled default content with name Facebook and id ccebabad-4113-433c-b2cf-e067e5c0a6ce
[2020-04-17T11:20:28.195] [INFO] cli 4.2.26 - Pulled default content with name Facebook and id 6eb99b34-72ff-42a6-8158-feb835e0bc30
[2020-04-17T11:20:28.198] [INFO] cli 4.2.26 - Pulled default content with name Facebook and id 87f52a7a-c9e9-4406-b76c-8b24d08e46ce
[2020-04-17T11:20:28.202] [INFO] cli 4.2.26 - Pulled default content with name Facebook and id ae7bf48c-377a-426d-8a6f-4d9d2e62aff1
[2020-04-17T11:20:28.205] [INFO] cli 4.2.26 - Pulled default content with name Facebook and id 0f84193e-3010-4473-8a2c-9df196daf54b
[2020-04-17T11:20:28.208] [INFO] cli 4.2.26 - Pulled default content with name Facebook and id 446459e5-5d91-4296-88a5-fb3eeead8d8d
[2020-04-17T11:20:28.212] [INFO] cli 4.2.26 - Pulled default content with name Facebook and id 29949627-ed6b-45b9-ba51-d54303a5f840
[2020-04-17T11:20:28.216] [INFO] cli 4.2.26 - Pulled default content with name Facebook and id 3e8df380-b439-47e6-8b34-279f6cf700e0
[2020-04-17T11:20:28.219] [INFO] cli 4.2.26 - Pulled default content with name Facebook and id a8885f7c-befd-45ed-8c6b-fe44df142315
[2020-04-17T11:20:28.220] [INFO] cli 4.2.26 - ========== Pulling content ===========
[2020-04-17T11:20:28.401] [INFO] cli 4.2.26 - Pulled content with name Company Information and id 516658d0-cc4d-4b74-a0c3-9082b55cbb62
[2020-04-17T11:20:28.405] [INFO] cli 4.2.26 - Pulled content with name Sample: Mobile banking and id 5051aa7a-76a6-432f-a079-2e62c710b973
[2020-04-17T11:20:28.409] [INFO] cli 4.2.26 - Pulled content with name Sample: Paperless statements and id bb3b2549-857a-4795-9064-a7b7659a61d5
[2020-04-17T11:20:28.411] [INFO] cli 4.2.26 - Pulled content with name Sample: Appointments and id 9de4fd5c-dbf5-4ef5-bf24-1acacd53c049
[2020-04-17T11:20:28.414] [INFO] cli 4.2.26 - Pulled content with name Sample: Loan relief and id 33f38daf-99aa-4330-b5f9-17d3beecb446
[2020-04-17T11:20:28.416] [INFO] cli 4.2.26 - Pulled content with name Sample: Visit a branch and id 180015f4-3b4c-4d1a-ab47-81539b5c8927
[2020-04-17T11:20:28.419] [INFO] cli 4.2.26 - Pulled content with name Sample: Branch banking safety and id c2948df3-781f-4c09-a1b2-644982ba5cfd
[2020-04-17T11:20:28.424] [INFO] cli 4.2.26 - Pulled content with name Sample: Mortgage Assistance Update and id 997a633e-0f12-4f81-83b9-291238bef249
[2020-04-17T11:20:28.426] [INFO] cli 4.2.26 - Pulled content with name Sample: Online banking and id 695d9f6d-c0ea-4c78-bbd9-17be8d36b86c
[2020-04-17T11:20:28.439] [INFO] cli 4.2.26 - Pulled content with name Sample: service hour update and id 64b1ab72-1622-46fe-97b5-8ca76079cbc5
[2020-04-17T11:20:28.443] [INFO] cli 4.2.26 - Pulled content with name Sample: Local communities and id 9567dd95-1b43-4b3f-b434-6c1fbf3c07c1
[2020-04-17T11:20:28.448] [INFO] cli 4.2.26 - Pulled content with name Sample: Remote customer service and id 5886986f-757c-43e4-95b7-4c425f1ddbaa
[2020-04-17T11:20:28.453] [INFO] cli 4.2.26 - Pulled content with name Sample: paperless statements and id b03ad018-0684-49d3-b44f-d01e26c7b6ff
[2020-04-17T11:20:28.456] [INFO] cli 4.2.26 - Pulled content with name WHO information and id 404a0ef4-25fe-4df4-9e4e-0829386f8298
[2020-04-17T11:20:28.459] [INFO] cli 4.2.26 - Pulled content with name Style Guide and id 8fe0a373-d555-4a02-b0c1-3c5ea7423a7f
[2020-04-17T11:20:28.463] [INFO] cli 4.2.26 - Pulled content with name CDC Guidelines and id 23e1985c-a037-423e-b09a-3ce54552d6a2
[2020-04-17T11:20:28.472] [INFO] cli 4.2.26 - Pulled content with name LinkedIn and id 50be3371-e153-477d-bc43-19c872c2caee
[2020-04-17T11:20:28.474] [INFO] cli 4.2.26 - Pulled content with name Instagram and id 0325c1c7-c944-49ac-b292-846bec232fa8
[2020-04-17T11:20:28.478] [INFO] cli 4.2.26 - Pulled content with name Twitter and id 0ff1020f-9c4c-4048-8584-d5b786a3b717
[2020-04-17T11:20:28.481] [INFO] cli 4.2.26 - Pulled content with name Sample Banner and id 9ad99f88-07e4-4247-89a6-ba5bf908e0ac
[2020-04-17T11:20:28.490] [INFO] cli 4.2.26 - Pulled content with name Company Statement and id 7fe7d48e-6665-408b-84ee-6515628073f0
[2020-04-17T11:20:28.499] [INFO] cli 4.2.26 - Pulled content with name Facebook and id f90d7d2f-c29f-4260-a655-b01ee325c5d3
[2020-04-17T11:20:28.501] [INFO] cli 4.2.26 - ========== Pull modified complete ===========
[2020-04-17T11:20:28.502] [INFO] cli 4.2.26 - Pull modified complete. Pulled 556 artifacts successfully.
